#
# There is insufficient memory for the Java Runtime Environment to continue.
# Native memory allocation (malloc) failed to allocate 1173936 bytes for Chunk::new
# Possible reasons:
#   The system is out of physical RAM or swap space
#   The process is running with CompressedOops enabled, and the Java Heap may be blocking the growth of the native heap
# Possible solutions:
#   Reduce memory load on the system
#   Increase physical memory or swap space
#   Check if swap backing store is full
#   Decrease Java heap size (-Xmx/-Xms)
#   Decrease number of Java threads
#   Decrease Java thread stack sizes (-Xss)
#   Set larger code cache with -XX:ReservedCodeCacheSize=
#   JVM is running with Unscaled Compressed Oops mode in which the Java heap is
#     placed in the first 4GB address space. The Java Heap base address is the
#     maximum limit for the native heap growth. Please use -XX:HeapBaseMinAddress
#     to set the Java Heap base and to place the Java Heap above 4GB virtual address.
# This output file may be truncated or incomplete.
#
#  Out of Memory Error (arena.cpp:191), pid=491048, tid=488800
#
# JRE version: OpenJDK Runtime Environment Temurin-17.0.9+9 (17.0.9+9) (build 17.0.9+9)
# Java VM: OpenJDK 64-Bit Server VM Temurin-17.0.9+9 (17.0.9+9, mixed mode, tiered, compressed oops, compressed class ptrs, parallel gc, windows-amd64)
# No core dump will be written. Minidumps are not enabled by default on client versions of Windows
#

---------------  S U M M A R Y ------------

Command Line: --add-modules=ALL-SYSTEM --add-opens=java.base/java.util=ALL-UNNAMED --add-opens=java.base/java.lang=ALL-UNNAMED --add-opens=java.base/sun.nio.fs=ALL-UNNAMED -Declipse.application=org.eclipse.jdt.ls.core.id1 -Dosgi.bundles.defaultStartLevel=4 -Declipse.product=org.eclipse.jdt.ls.core.product -Djava.import.generatesMetadataFilesAtProjectRoot=false -DDetectVMInstallationsJob.disabled=true -Dfile.encoding=utf8 -XX:+UseParallelGC -XX:GCTimeRatio=4 -XX:AdaptiveSizePolicyWeight=90 -Dsun.zip.disableMemoryMapping=true -Xmx1G -Xms100m -Xlog:disable -javaagent:c:\Users\aDMINISTRATOR\.vscode\extensions\redhat.java-1.25.1-win32-x64\lombok\lombok-1.18.30.jar -XX:+HeapDumpOnOutOfMemoryError -XX:HeapDumpPath=c:\Users\aDMINISTRATOR\AppData\Roaming\Code\User\workspaceStorage\d22f8927ca9d7b0742f74e5c6caa0309\redhat.java -Daether.dependencyCollector.impl=bf c:\Users\aDMINISTRATOR\.vscode\extensions\redhat.java-1.25.1-win32-x64\server\plugins\org.eclipse.equinox.launcher_1.6.600.v20231106-1826.jar -configuration c:\Users\aDMINISTRATOR\AppData\Roaming\Code\User\globalStorage\redhat.java\1.25.1\config_win -data c:\Users\aDMINISTRATOR\AppData\Roaming\Code\User\workspaceStorage\d22f8927ca9d7b0742f74e5c6caa0309\redhat.java\jdt_ws --stdio

Host: Intel(R) Core(TM) i7-10700F CPU @ 2.90GHz, 16 cores, 15G,  Windows 10 , 64 bit Build 19041 (10.0.19041.3636)
Time: Fri Jan  5 14:31:07 2024 Hora oficial do Brasil elapsed time: 6.619603 seconds (0d 0h 0m 6s)

---------------  T H R E A D  ---------------

Current thread (0x000002dab3fd94e0):  JavaThread "C2 CompilerThread0" daemon [_thread_in_native, id=488800, stack(0x000000f0ac800000,0x000000f0ac900000)]


Current CompileTask:
C2:   6619 7625       4       org.eclipse.jdt.internal.core.JarPackageFragmentRoot::initRawPackageInfo (349 bytes)

Stack: [0x000000f0ac800000,0x000000f0ac900000]
Native frames: (J=compiled Java code, j=interpreted, Vv=VM code, C=native code)
V  [jvm.dll+0x67cf49]
V  [jvm.dll+0x83478a]
V  [jvm.dll+0x83624e]
V  [jvm.dll+0x8368b3]
V  [jvm.dll+0x247f1f]
V  [jvm.dll+0xac43c]
V  [jvm.dll+0xaca8c]
V  [jvm.dll+0x367012]
V  [jvm.dll+0x3313ba]
V  [jvm.dll+0x33085a]
V  [jvm.dll+0x21a5b1]
V  [jvm.dll+0x2199d1]
V  [jvm.dll+0x1a57cd]
V  [jvm.dll+0x2297ae]
V  [jvm.dll+0x22797c]
V  [jvm.dll+0x7e9877]
V  [jvm.dll+0x7e3c3a]
V  [jvm.dll+0x67be35]
C  [ucrtbase.dll+0x21bb2]
C  [KERNEL32.DLL+0x17344]
C  [ntdll.dll+0x526b1]


---------------  P R O C E S S  ---------------

Threads class SMR info:
_java_thread_list=0x000002dab953d8e0, length=39, elements={
0x000002da9ad3c4a0, 0x000002da9adfd130, 0x000002da9adfe9d0, 0x000002daaebda230,
0x000002daaebdb0b0, 0x000002daaebddd40, 0x000002dab3fd5cd0, 0x000002dab3fd94e0,
0x000002dab3fdb660, 0x000002dab3fe3b70, 0x000002dab40d78f0, 0x000002da9ada0830,
0x000002da9ada0d50, 0x000002da9ada1270, 0x000002dab418b970, 0x000002dab684a430,
0x000002dab68bb480, 0x000002dab6a38b20, 0x000002dab6cf5ca0, 0x000002dab7019770,
0x000002dab699d350, 0x000002dab6f8c980, 0x000002dab6f8c470, 0x000002dab6f8d3a0,
0x000002dab6f8ba50, 0x000002dab6f8bf60, 0x000002dab72d1020, 0x000002dab72d00f0,
0x000002dab72cfbe0, 0x000002dab72d7050, 0x000002dab72d2970, 0x000002dab72d2e80,
0x000002dab72d1f50, 0x000002dab72d42c0, 0x000002dab72d51f0, 0x000002dab72d5700,
0x000002dab72d0600, 0x000002dab96daaf0, 0x000002dab96db590
}

Java Threads: ( => current thread )
  0x000002da9ad3c4a0 JavaThread "main" [_thread_blocked, id=491012, stack(0x000000f0abf00000,0x000000f0ac000000)]
  0x000002da9adfd130 JavaThread "Reference Handler" daemon [_thread_blocked, id=490972, stack(0x000000f0ac200000,0x000000f0ac300000)]
  0x000002da9adfe9d0 JavaThread "Finalizer" daemon [_thread_blocked, id=490976, stack(0x000000f0ac300000,0x000000f0ac400000)]
  0x000002daaebda230 JavaThread "Signal Dispatcher" daemon [_thread_blocked, id=491172, stack(0x000000f0ac400000,0x000000f0ac500000)]
  0x000002daaebdb0b0 JavaThread "Attach Listener" daemon [_thread_blocked, id=491176, stack(0x000000f0ac500000,0x000000f0ac600000)]
  0x000002daaebddd40 JavaThread "Service Thread" daemon [_thread_blocked, id=489504, stack(0x000000f0ac600000,0x000000f0ac700000)]
  0x000002dab3fd5cd0 JavaThread "Monitor Deflation Thread" daemon [_thread_blocked, id=491500, stack(0x000000f0ac700000,0x000000f0ac800000)]
=>0x000002dab3fd94e0 JavaThread "C2 CompilerThread0" daemon [_thread_in_native, id=488800, stack(0x000000f0ac800000,0x000000f0ac900000)]
  0x000002dab3fdb660 JavaThread "C1 CompilerThread0" daemon [_thread_blocked, id=491004, stack(0x000000f0ac900000,0x000000f0aca00000)]
  0x000002dab3fe3b70 JavaThread "Sweeper thread" daemon [_thread_blocked, id=491384, stack(0x000000f0aca00000,0x000000f0acb00000)]
  0x000002dab40d78f0 JavaThread "Common-Cleaner" daemon [_thread_blocked, id=490964, stack(0x000000f0acb00000,0x000000f0acc00000)]
  0x000002da9ada0830 JavaThread "C1 CompilerThread1" daemon [_thread_blocked, id=491332, stack(0x000000f0acc00000,0x000000f0acd00000)]
  0x000002da9ada0d50 JavaThread "C1 CompilerThread2" daemon [_thread_blocked, id=490628, stack(0x000000f0acd00000,0x000000f0ace00000)]
  0x000002da9ada1270 JavaThread "C1 CompilerThread3" daemon [_thread_blocked, id=491308, stack(0x000000f0ace00000,0x000000f0acf00000)]
  0x000002dab418b970 JavaThread "Notification Thread" daemon [_thread_blocked, id=490980, stack(0x000000f0acf00000,0x000000f0ad000000)]
  0x000002dab684a430 JavaThread "Active Thread: Equinox Container: 7bbc8bd4-9267-4097-a87c-0610e3e74e5a" [_thread_blocked, id=491076, stack(0x000000f0ad900000,0x000000f0ada00000)]
  0x000002dab68bb480 JavaThread "Framework Event Dispatcher: Equinox Container: 7bbc8bd4-9267-4097-a87c-0610e3e74e5a" daemon [_thread_blocked, id=491480, stack(0x000000f0ada00000,0x000000f0adb00000)]
  0x000002dab6a38b20 JavaThread "Start Level: Equinox Container: 7bbc8bd4-9267-4097-a87c-0610e3e74e5a" daemon [_thread_blocked, id=490764, stack(0x000000f0adb00000,0x000000f0adc00000)]
  0x000002dab6cf5ca0 JavaThread "Bundle File Closer" daemon [_thread_blocked, id=491376, stack(0x000000f0ade00000,0x000000f0adf00000)]
  0x000002dab7019770 JavaThread "SCR Component Actor" daemon [_thread_blocked, id=491088, stack(0x000000f0adf00000,0x000000f0ae000000)]
  0x000002dab699d350 JavaThread "SCR Component Registry" daemon [_thread_blocked, id=490936, stack(0x000000f0ae200000,0x000000f0ae300000)]
  0x000002dab6f8c980 JavaThread "Worker-JM" [_thread_blocked, id=491260, stack(0x000000f0ae300000,0x000000f0ae400000)]
  0x000002dab6f8c470 JavaThread "Worker-0" [_thread_blocked, id=490748, stack(0x000000f0ad100000,0x000000f0ad200000)]
  0x000002dab6f8d3a0 JavaThread "Worker-1: Synchronizing projects" [_thread_blocked, id=488908, stack(0x000000f0ad200000,0x000000f0ad300000)]
  0x000002dab6f8ba50 JavaThread "Worker-2: Initialize workspace" [_thread_in_native, id=491008, stack(0x000000f0ae700000,0x000000f0ae800000)]
  0x000002dab6f8bf60 JavaThread "Java indexing" daemon [_thread_in_native, id=490996, stack(0x000000f0aec00000,0x000000f0aed00000)]
  0x000002dab72d1020 JavaThread "Worker-3: Synchronizing projects" [_thread_blocked, id=490744, stack(0x000000f0aed00000,0x000000f0aee00000)]
  0x000002dab72d00f0 JavaThread "Worker-4: Java indexing... " [_thread_blocked, id=491348, stack(0x000000f0aee00000,0x000000f0aef00000)]
  0x000002dab72cfbe0 JavaThread "JNA Cleaner" daemon [_thread_blocked, id=491532, stack(0x000000f0aeb00000,0x000000f0aec00000)]
  0x000002dab72d7050 JavaThread "pool-2-thread-1" [_thread_blocked, id=491604, stack(0x000000f0af400000,0x000000f0af500000)]
  0x000002dab72d2970 JavaThread "WorkspaceEventsHandler" [_thread_blocked, id=491624, stack(0x000000f0af500000,0x000000f0af600000)]
  0x000002dab72d2e80 JavaThread "pool-1-thread-1" [_thread_in_native, id=491628, stack(0x000000f0af600000,0x000000f0af700000)]
  0x000002dab72d1f50 JavaThread "Worker-5: Synchronizing projects" [_thread_blocked, id=491668, stack(0x000000f0af700000,0x000000f0af800000)]
  0x000002dab72d42c0 JavaThread "Keep-Alive-Timer" daemon [_thread_blocked, id=491732, stack(0x000000f0af900000,0x000000f0afa00000)]
  0x000002dab72d51f0 JavaThread "Worker-6: Refreshing workspace" [_thread_blocked, id=491748, stack(0x000000f0afa00000,0x000000f0afb00000)]
  0x000002dab72d5700 JavaThread "ForkJoinPool.commonPool-worker-1" daemon [_thread_blocked, id=491760, stack(0x000000f0afb00000,0x000000f0afc00000)]
  0x000002dab72d0600 JavaThread "Worker-7" [_thread_blocked, id=491772, stack(0x000000f0afc00000,0x000000f0afd00000)]
  0x000002dab96daaf0 JavaThread "C2 CompilerThread1" daemon [_thread_in_native, id=491916, stack(0x000000f0ad300000,0x000000f0ad400000)]
  0x000002dab96db590 JavaThread "C2 CompilerThread2" daemon [_thread_in_native, id=491920, stack(0x000000f0ae800000,0x000000f0ae900000)]

Other Threads:
  0x000002dab3fa26e0 VMThread "VM Thread" [stack: 0x000000f0ac100000,0x000000f0ac200000] [id=490624]
  0x000002dab5f44a10 WatcherThread [stack: 0x000000f0ad000000,0x000000f0ad100000] [id=490768]
  0x000002da9ad54c60 GCTaskThread "GC Thread#0" [stack: 0x000000f0ac000000,0x000000f0ac100000] [id=490944]
  0x000002dab5f61690 GCTaskThread "GC Thread#1" [stack: 0x000000f0ad400000,0x000000f0ad500000] [id=491196]
  0x000002dab64801f0 GCTaskThread "GC Thread#2" [stack: 0x000000f0ad500000,0x000000f0ad600000] [id=491068]
  0x000002dab6889010 GCTaskThread "GC Thread#3" [stack: 0x000000f0ad600000,0x000000f0ad700000] [id=491064]
  0x000002dab68892d0 GCTaskThread "GC Thread#4" [stack: 0x000000f0ad700000,0x000000f0ad800000] [id=491084]
  0x000002dab6889590 GCTaskThread "GC Thread#5" [stack: 0x000000f0ad800000,0x000000f0ad900000] [id=490956]
  0x000002dab68faae0 GCTaskThread "GC Thread#6" [stack: 0x000000f0adc00000,0x000000f0add00000] [id=491024]
  0x000002dab68fada0 GCTaskThread "GC Thread#7" [stack: 0x000000f0add00000,0x000000f0ade00000] [id=490920]
  0x000002dab6e16f20 GCTaskThread "GC Thread#8" [stack: 0x000000f0ae000000,0x000000f0ae100000] [id=491464]
  0x000002dab6e55c90 GCTaskThread "GC Thread#9" [stack: 0x000000f0ae100000,0x000000f0ae200000] [id=490760]
  0x000002dab718bc60 GCTaskThread "GC Thread#10" [stack: 0x000000f0ae400000,0x000000f0ae500000] [id=491352]
  0x000002dab7074850 GCTaskThread "GC Thread#11" [stack: 0x000000f0ae500000,0x000000f0ae600000] [id=491368]
  0x000002dab7174ad0 GCTaskThread "GC Thread#12" [stack: 0x000000f0ae600000,0x000000f0ae700000] [id=489372]

Threads with active compile tasks:
C2 CompilerThread0     6678 7625       4       org.eclipse.jdt.internal.core.JarPackageFragmentRoot::initRawPackageInfo (349 bytes)
C2 CompilerThread1     6678 7716       4       org.codehaus.plexus.util.xml.pull.MXParser::nextImpl (1203 bytes)
C2 CompilerThread2     6678 7696       4       org.codehaus.plexus.util.xml.pull.MXParser::parseStartTag (1190 bytes)

VM state: not at safepoint (normal execution)

VM Mutex/Monitor currently owned by a thread: None

Heap address: 0x00000000c0000000, size: 1024 MB, Compressed Oops mode: 32-bit

CDS archive(s) not mapped
Compressed class space mapped at: 0x0000000100000000-0x0000000140000000, reserved size: 1073741824
Narrow klass base: 0x0000000000000000, Narrow klass shift: 3, Narrow klass range: 0x140000000

GC Precious Log:
 CPUs: 16 total, 16 available
 Memory: 15999M
 Large Page Support: Disabled
 NUMA Support: Disabled
 Compressed Oops: Enabled (32-bit)
 Alignments: Space 512K, Generation 512K, Heap 2M
 Heap Min Capacity: 100M
 Heap Initial Capacity: 100M
 Heap Max Capacity: 1G
 Pre-touch: Disabled
 Parallel Workers: 13

Heap:
 PSYoungGen      total 18944K, used 7062K [0x00000000eab00000, 0x00000000ec000000, 0x0000000100000000)
  eden space 17408K, 33% used [0x00000000eab00000,0x00000000eb0b5b00,0x00000000ebc00000)
  from space 1536K, 79% used [0x00000000ebe80000,0x00000000ebfb0020,0x00000000ec000000)
  to   space 1536K, 0% used [0x00000000ebd00000,0x00000000ebd00000,0x00000000ebe80000)
 ParOldGen       total 68608K, used 36747K [0x00000000c0000000, 0x00000000c4300000, 0x00000000eab00000)
  object space 68608K, 53% used [0x00000000c0000000,0x00000000c23e2f28,0x00000000c4300000)
 Metaspace       used 61828K, committed 63040K, reserved 1114112K
  class space    used 6763K, committed 7296K, reserved 1048576K

Card table byte_map: [0x000002da9a710000,0x000002da9a920000] _byte_map_base: 0x000002da9a110000

Marking Bits: (ParMarkBitMap*) 0x00007ffc274dd0b0
 Begin Bits: [0x000002daac9e0000, 0x000002daad9e0000)
 End Bits:   [0x000002daad9e0000, 0x000002daae9e0000)

Polling page: 0x000002da9a500000

Metaspace:

Usage:
  Non-class:     53.77 MB used.
      Class:      6.60 MB used.
       Both:     60.38 MB used.

Virtual space:
  Non-class space:       64.00 MB reserved,      54.44 MB ( 85%) committed,  1 nodes.
      Class space:        1.00 GB reserved,       7.12 MB ( <1%) committed,  1 nodes.
             Both:        1.06 GB reserved,      61.56 MB (  6%) committed. 

Chunk freelists:
   Non-Class:  9.02 MB
       Class:  8.72 MB
        Both:  17.73 MB

MaxMetaspaceSize: unlimited
CompressedClassSpaceSize: 1.00 GB
Initial GC threshold: 21.00 MB
Current GC threshold: 97.31 MB
CDS: off
MetaspaceReclaimPolicy: balanced
 - commit_granule_bytes: 65536.
 - commit_granule_words: 8192.
 - virtual_space_node_default_size: 8388608.
 - enlarge_chunks_in_place: 1.
 - new_chunks_are_fully_committed: 0.
 - uncommit_free_chunks: 1.
 - use_allocation_guard: 0.
 - handle_deallocations: 1.


Internal statistics:

num_allocs_failed_limit: 9.
num_arena_births: 728.
num_arena_deaths: 14.
num_vsnodes_births: 2.
num_vsnodes_deaths: 0.
num_space_committed: 985.
num_space_uncommitted: 0.
num_chunks_returned_to_freelist: 23.
num_chunks_taken_from_freelist: 3060.
num_chunk_merges: 10.
num_chunk_splits: 1861.
num_chunks_enlarged: 1032.
num_inconsistent_stats: 0.

CodeHeap 'non-profiled nmethods': size=119168Kb used=4227Kb max_used=4227Kb free=114940Kb
 bounds [0x000002daa5580000, 0x000002daa59b0000, 0x000002daac9e0000]
CodeHeap 'profiled nmethods': size=119104Kb used=14915Kb max_used=14915Kb free=104188Kb
 bounds [0x000002da9d9e0000, 0x000002da9e880000, 0x000002daa4e30000]
CodeHeap 'non-nmethods': size=7488Kb used=3037Kb max_used=3146Kb free=4450Kb
 bounds [0x000002daa4e30000, 0x000002daa5150000, 0x000002daa5580000]
 total_blobs=7721 nmethods=7031 adapters=599
 compilation: enabled
              stopped_count=0, restarted_count=0
 full_count=0

Compilation events (20 events):
Event: 6.608 Thread 0x000002dab3fdb660 7717       3       org.apache.maven.model.io.xpp3.MavenXpp3ReaderEx::interpolatedTrimmed (16 bytes)
Event: 6.608 Thread 0x000002da9ada0830 7718       3       org.apache.maven.model.io.xpp3.MavenXpp3ReaderEx$1::transform (2 bytes)
Event: 6.608 Thread 0x000002da9ada1270 7719       3       org.apache.maven.model.io.xpp3.MavenXpp3ReaderEx::getTrimmedValue (11 bytes)
Event: 6.608 Thread 0x000002da9ada0830 nmethod 7718 0x000002da9e842710 code [0x000002da9e8428a0, 0x000002da9e8429b8]
Event: 6.608 Thread 0x000002dab3fdb660 nmethod 7717 0x000002da9e842a90 code [0x000002da9e842c40, 0x000002da9e842ec8]
Event: 6.608 Thread 0x000002da9ada0d50 nmethod 7714 0x000002da9e843090 code [0x000002da9e843300, 0x000002da9e843bf8]
Event: 6.608 Thread 0x000002da9ada1270 nmethod 7719 0x000002da9e844010 code [0x000002da9e8441e0, 0x000002da9e844558]
Event: 6.609 Thread 0x000002da9ada1270 7720       3       org.apache.maven.model.Dependency::setLocation (390 bytes)
Event: 6.609 Thread 0x000002da9ada0830 7721       1       org.apache.maven.model.Dependency::setGroupId (6 bytes)
Event: 6.609 Thread 0x000002da9ada0d50 7722       1       org.apache.maven.model.Dependency::setArtifactId (6 bytes)
Event: 6.609 Thread 0x000002da9ada0830 nmethod 7721 0x000002daa5996310 code [0x000002daa59964a0, 0x000002daa5996578]
Event: 6.609 Thread 0x000002da9ada0d50 nmethod 7722 0x000002daa5996610 code [0x000002daa59967a0, 0x000002daa5996878]
Event: 6.609 Thread 0x000002dab3fdb660 7723       1       org.apache.maven.model.Dependency::setVersion (6 bytes)
Event: 6.609 Thread 0x000002dab3fdb660 nmethod 7723 0x000002daa5996910 code [0x000002daa5996aa0, 0x000002daa5996b78]
Event: 6.610 Thread 0x000002da9ada1270 nmethod 7720 0x000002da9e844690 code [0x000002da9e844a00, 0x000002da9e846208]
Event: 6.610 Thread 0x000002da9ada1270 7725       3       org.apache.maven.model.Dependency::<init> (11 bytes)
Event: 6.610 Thread 0x000002da9ada0d50 7726       3       org.apache.maven.model.io.xpp3.MavenXpp3ReaderEx::parseDependency (777 bytes)
Event: 6.610 Thread 0x000002da9ada1270 nmethod 7725 0x000002da9e846690 code [0x000002da9e846820, 0x000002da9e8469b8]
Event: 6.611 Thread 0x000002dab96daaf0 nmethod 7715 0x000002daa5996c10 code [0x000002daa5996da0, 0x000002daa5997018]
Event: 6.611 Thread 0x000002dab96daaf0 7716       4       org.codehaus.plexus.util.xml.pull.MXParser::nextImpl (1203 bytes)

GC Heap History (20 events):
Event: 5.481 GC heap before
{Heap before GC invocations=22 (full 3):
 PSYoungGen      total 24064K, used 1792K [0x00000000eab00000, 0x00000000ec480000, 0x0000000100000000)
  eden space 22016K, 0% used [0x00000000eab00000,0x00000000eab00000,0x00000000ec080000)
  from space 2048K, 87% used [0x00000000ec080000,0x00000000ec240000,0x00000000ec280000)
  to   space 2048K, 0% used [0x00000000ec280000,0x00000000ec280000,0x00000000ec480000)
 ParOldGen       total 68608K, used 23468K [0x00000000c0000000, 0x00000000c4300000, 0x00000000eab00000)
  object space 68608K, 34% used [0x00000000c0000000,0x00000000c16eb168,0x00000000c4300000)
 Metaspace       used 58647K, committed 59776K, reserved 1114112K
  class space    used 6422K, committed 6912K, reserved 1048576K
}
Event: 5.507 GC heap after
{Heap after GC invocations=22 (full 3):
 PSYoungGen      total 24064K, used 0K [0x00000000eab00000, 0x00000000ec480000, 0x0000000100000000)
  eden space 22016K, 0% used [0x00000000eab00000,0x00000000eab00000,0x00000000ec080000)
  from space 2048K, 0% used [0x00000000ec080000,0x00000000ec080000,0x00000000ec280000)
  to   space 2048K, 0% used [0x00000000ec280000,0x00000000ec280000,0x00000000ec480000)
 ParOldGen       total 68608K, used 23472K [0x00000000c0000000, 0x00000000c4300000, 0x00000000eab00000)
  object space 68608K, 34% used [0x00000000c0000000,0x00000000c16ec378,0x00000000c4300000)
 Metaspace       used 58647K, committed 59776K, reserved 1114112K
  class space    used 6422K, committed 6912K, reserved 1048576K
}
Event: 5.597 GC heap before
{Heap before GC invocations=23 (full 3):
 PSYoungGen      total 24064K, used 22016K [0x00000000eab00000, 0x00000000ec480000, 0x0000000100000000)
  eden space 22016K, 100% used [0x00000000eab00000,0x00000000ec080000,0x00000000ec080000)
  from space 2048K, 0% used [0x00000000ec080000,0x00000000ec080000,0x00000000ec280000)
  to   space 2048K, 0% used [0x00000000ec280000,0x00000000ec280000,0x00000000ec480000)
 ParOldGen       total 68608K, used 23472K [0x00000000c0000000, 0x00000000c4300000, 0x00000000eab00000)
  object space 68608K, 34% used [0x00000000c0000000,0x00000000c16ec378,0x00000000c4300000)
 Metaspace       used 59043K, committed 60224K, reserved 1114112K
  class space    used 6479K, committed 6976K, reserved 1048576K
}
Event: 5.598 GC heap after
{Heap after GC invocations=23 (full 3):
 PSYoungGen      total 23552K, used 2016K [0x00000000eab00000, 0x00000000ec580000, 0x0000000100000000)
  eden space 21504K, 0% used [0x00000000eab00000,0x00000000eab00000,0x00000000ec000000)
  from space 2048K, 98% used [0x00000000ec280000,0x00000000ec478030,0x00000000ec480000)
  to   space 2560K, 0% used [0x00000000ec000000,0x00000000ec000000,0x00000000ec280000)
 ParOldGen       total 68608K, used 23480K [0x00000000c0000000, 0x00000000c4300000, 0x00000000eab00000)
  object space 68608K, 34% used [0x00000000c0000000,0x00000000c16ee378,0x00000000c4300000)
 Metaspace       used 59043K, committed 60224K, reserved 1114112K
  class space    used 6479K, committed 6976K, reserved 1048576K
}
Event: 5.646 GC heap before
{Heap before GC invocations=24 (full 3):
 PSYoungGen      total 23552K, used 23520K [0x00000000eab00000, 0x00000000ec580000, 0x0000000100000000)
  eden space 21504K, 100% used [0x00000000eab00000,0x00000000ec000000,0x00000000ec000000)
  from space 2048K, 98% used [0x00000000ec280000,0x00000000ec478030,0x00000000ec480000)
  to   space 2560K, 0% used [0x00000000ec000000,0x00000000ec000000,0x00000000ec280000)
 ParOldGen       total 68608K, used 23480K [0x00000000c0000000, 0x00000000c4300000, 0x00000000eab00000)
  object space 68608K, 34% used [0x00000000c0000000,0x00000000c16ee378,0x00000000c4300000)
 Metaspace       used 59145K, committed 60288K, reserved 1114112K
  class space    used 6485K, committed 6976K, reserved 1048576K
}
Event: 5.653 GC heap after
{Heap after GC invocations=24 (full 3):
 PSYoungGen      total 23552K, used 1856K [0x00000000eab00000, 0x00000000ec400000, 0x0000000100000000)
  eden space 21504K, 0% used [0x00000000eab00000,0x00000000eab00000,0x00000000ec000000)
  from space 2048K, 90% used [0x00000000ec000000,0x00000000ec1d0000,0x00000000ec200000)
  to   space 2048K, 0% used [0x00000000ec200000,0x00000000ec200000,0x00000000ec400000)
 ParOldGen       total 68608K, used 25256K [0x00000000c0000000, 0x00000000c4300000, 0x00000000eab00000)
  object space 68608K, 36% used [0x00000000c0000000,0x00000000c18aa398,0x00000000c4300000)
 Metaspace       used 59145K, committed 60288K, reserved 1114112K
  class space    used 6485K, committed 6976K, reserved 1048576K
}
Event: 5.692 GC heap before
{Heap before GC invocations=25 (full 3):
 PSYoungGen      total 23552K, used 23360K [0x00000000eab00000, 0x00000000ec400000, 0x0000000100000000)
  eden space 21504K, 100% used [0x00000000eab00000,0x00000000ec000000,0x00000000ec000000)
  from space 2048K, 90% used [0x00000000ec000000,0x00000000ec1d0000,0x00000000ec200000)
  to   space 2048K, 0% used [0x00000000ec200000,0x00000000ec200000,0x00000000ec400000)
 ParOldGen       total 68608K, used 25256K [0x00000000c0000000, 0x00000000c4300000, 0x00000000eab00000)
  object space 68608K, 36% used [0x00000000c0000000,0x00000000c18aa398,0x00000000c4300000)
 Metaspace       used 59181K, committed 60288K, reserved 1114112K
  class space    used 6489K, committed 6976K, reserved 1048576K
}
Event: 5.696 GC heap after
{Heap after GC invocations=25 (full 3):
 PSYoungGen      total 20992K, used 2016K [0x00000000eab00000, 0x00000000ec900000, 0x0000000100000000)
  eden space 18944K, 0% used [0x00000000eab00000,0x00000000eab00000,0x00000000ebd80000)
  from space 2048K, 98% used [0x00000000ec200000,0x00000000ec3f8020,0x00000000ec400000)
  to   space 4608K, 0% used [0x00000000ebd80000,0x00000000ebd80000,0x00000000ec200000)
 ParOldGen       total 68608K, used 27232K [0x00000000c0000000, 0x00000000c4300000, 0x00000000eab00000)
  object space 68608K, 39% used [0x00000000c0000000,0x00000000c1a98398,0x00000000c4300000)
 Metaspace       used 59181K, committed 60288K, reserved 1114112K
  class space    used 6489K, committed 6976K, reserved 1048576K
}
Event: 5.732 GC heap before
{Heap before GC invocations=26 (full 3):
 PSYoungGen      total 20992K, used 20960K [0x00000000eab00000, 0x00000000ec900000, 0x0000000100000000)
  eden space 18944K, 100% used [0x00000000eab00000,0x00000000ebd80000,0x00000000ebd80000)
  from space 2048K, 98% used [0x00000000ec200000,0x00000000ec3f8020,0x00000000ec400000)
  to   space 4608K, 0% used [0x00000000ebd80000,0x00000000ebd80000,0x00000000ec200000)
 ParOldGen       total 68608K, used 27232K [0x00000000c0000000, 0x00000000c4300000, 0x00000000eab00000)
  object space 68608K, 39% used [0x00000000c0000000,0x00000000c1a98398,0x00000000c4300000)
 Metaspace       used 59194K, committed 60352K, reserved 1114112K
  class space    used 6495K, committed 6976K, reserved 1048576K
}
Event: 5.741 GC heap after
{Heap after GC invocations=26 (full 3):
 PSYoungGen      total 20992K, used 1760K [0x00000000eab00000, 0x00000000ec380000, 0x0000000100000000)
  eden space 18944K, 0% used [0x00000000eab00000,0x00000000eab00000,0x00000000ebd80000)
  from space 2048K, 85% used [0x00000000ebd80000,0x00000000ebf38000,0x00000000ebf80000)
  to   space 3072K, 0% used [0x00000000ec080000,0x00000000ec080000,0x00000000ec380000)
 ParOldGen       total 68608K, used 29234K [0x00000000c0000000, 0x00000000c4300000, 0x00000000eab00000)
  object space 68608K, 42% used [0x00000000c0000000,0x00000000c1c8c818,0x00000000c4300000)
 Metaspace       used 59194K, committed 60352K, reserved 1114112K
  class space    used 6495K, committed 6976K, reserved 1048576K
}
Event: 5.770 GC heap before
{Heap before GC invocations=27 (full 3):
 PSYoungGen      total 20992K, used 20704K [0x00000000eab00000, 0x00000000ec380000, 0x0000000100000000)
  eden space 18944K, 100% used [0x00000000eab00000,0x00000000ebd80000,0x00000000ebd80000)
  from space 2048K, 85% used [0x00000000ebd80000,0x00000000ebf38000,0x00000000ebf80000)
  to   space 3072K, 0% used [0x00000000ec080000,0x00000000ec080000,0x00000000ec380000)
 ParOldGen       total 68608K, used 29234K [0x00000000c0000000, 0x00000000c4300000, 0x00000000eab00000)
  object space 68608K, 42% used [0x00000000c0000000,0x00000000c1c8c818,0x00000000c4300000)
 Metaspace       used 59201K, committed 60416K, reserved 1114112K
  class space    used 6499K, committed 7040K, reserved 1048576K
}
Event: 5.772 GC heap after
{Heap after GC invocations=27 (full 3):
 PSYoungGen      total 21504K, used 2080K [0x00000000eab00000, 0x00000000ec300000, 0x0000000100000000)
  eden space 18944K, 0% used [0x00000000eab00000,0x00000000eab00000,0x00000000ebd80000)
  from space 2560K, 81% used [0x00000000ec080000,0x00000000ec288010,0x00000000ec300000)
  to   space 2560K, 0% used [0x00000000ebe00000,0x00000000ebe00000,0x00000000ec080000)
 ParOldGen       total 68608K, used 30866K [0x00000000c0000000, 0x00000000c4300000, 0x00000000eab00000)
  object space 68608K, 44% used [0x00000000c0000000,0x00000000c1e24818,0x00000000c4300000)
 Metaspace       used 59201K, committed 60416K, reserved 1114112K
  class space    used 6499K, committed 7040K, reserved 1048576K
}
Event: 5.793 GC heap before
{Heap before GC invocations=28 (full 3):
 PSYoungGen      total 21504K, used 21024K [0x00000000eab00000, 0x00000000ec300000, 0x0000000100000000)
  eden space 18944K, 100% used [0x00000000eab00000,0x00000000ebd80000,0x00000000ebd80000)
  from space 2560K, 81% used [0x00000000ec080000,0x00000000ec288010,0x00000000ec300000)
  to   space 2560K, 0% used [0x00000000ebe00000,0x00000000ebe00000,0x00000000ec080000)
 ParOldGen       total 68608K, used 30866K [0x00000000c0000000, 0x00000000c4300000, 0x00000000eab00000)
  object space 68608K, 44% used [0x00000000c0000000,0x00000000c1e24818,0x00000000c4300000)
 Metaspace       used 59212K, committed 60416K, reserved 1114112K
  class space    used 6501K, committed 7040K, reserved 1048576K
}
Event: 5.795 GC heap after
{Heap after GC invocations=28 (full 3):
 PSYoungGen      total 20992K, used 1728K [0x00000000eab00000, 0x00000000ec180000, 0x0000000100000000)
  eden space 18944K, 0% used [0x00000000eab00000,0x00000000eab00000,0x00000000ebd80000)
  from space 2048K, 84% used [0x00000000ebe00000,0x00000000ebfb0000,0x00000000ec000000)
  to   space 1536K, 0% used [0x00000000ec000000,0x00000000ec000000,0x00000000ec180000)
 ParOldGen       total 68608K, used 32794K [0x00000000c0000000, 0x00000000c4300000, 0x00000000eab00000)
  object space 68608K, 47% used [0x00000000c0000000,0x00000000c2006828,0x00000000c4300000)
 Metaspace       used 59212K, committed 60416K, reserved 1114112K
  class space    used 6501K, committed 7040K, reserved 1048576K
}
Event: 6.120 GC heap before
{Heap before GC invocations=29 (full 3):
 PSYoungGen      total 20992K, used 20672K [0x00000000eab00000, 0x00000000ec180000, 0x0000000100000000)
  eden space 18944K, 100% used [0x00000000eab00000,0x00000000ebd80000,0x00000000ebd80000)
  from space 2048K, 84% used [0x00000000ebe00000,0x00000000ebfb0000,0x00000000ec000000)
  to   space 1536K, 0% used [0x00000000ec000000,0x00000000ec000000,0x00000000ec180000)
 ParOldGen       total 68608K, used 32794K [0x00000000c0000000, 0x00000000c4300000, 0x00000000eab00000)
  object space 68608K, 47% used [0x00000000c0000000,0x00000000c2006828,0x00000000c4300000)
 Metaspace       used 59802K, committed 60992K, reserved 1114112K
  class space    used 6571K, committed 7104K, reserved 1048576K
}
Event: 6.123 GC heap after
{Heap after GC invocations=29 (full 3):
 PSYoungGen      total 18944K, used 1527K [0x00000000eab00000, 0x00000000ec580000, 0x0000000100000000)
  eden space 17408K, 0% used [0x00000000eab00000,0x00000000eab00000,0x00000000ebc00000)
  from space 1536K, 99% used [0x00000000ec000000,0x00000000ec17dd18,0x00000000ec180000)
  to   space 4096K, 0% used [0x00000000ebc00000,0x00000000ebc00000,0x00000000ec000000)
 ParOldGen       total 68608K, used 34733K [0x00000000c0000000, 0x00000000c4300000, 0x00000000eab00000)
  object space 68608K, 50% used [0x00000000c0000000,0x00000000c21eb400,0x00000000c4300000)
 Metaspace       used 59802K, committed 60992K, reserved 1114112K
  class space    used 6571K, committed 7104K, reserved 1048576K
}
Event: 6.477 GC heap before
{Heap before GC invocations=30 (full 3):
 PSYoungGen      total 18944K, used 18935K [0x00000000eab00000, 0x00000000ec580000, 0x0000000100000000)
  eden space 17408K, 100% used [0x00000000eab00000,0x00000000ebc00000,0x00000000ebc00000)
  from space 1536K, 99% used [0x00000000ec000000,0x00000000ec17dd18,0x00000000ec180000)
  to   space 4096K, 0% used [0x00000000ebc00000,0x00000000ebc00000,0x00000000ec000000)
 ParOldGen       total 68608K, used 34733K [0x00000000c0000000, 0x00000000c4300000, 0x00000000eab00000)
  object space 68608K, 50% used [0x00000000c0000000,0x00000000c21eb400,0x00000000c4300000)
 Metaspace       used 60739K, committed 61888K, reserved 1114112K
  class space    used 6658K, committed 7168K, reserved 1048576K
}
Event: 6.479 GC heap after
{Heap after GC invocations=30 (full 3):
 PSYoungGen      total 18432K, used 759K [0x00000000eab00000, 0x00000000ec080000, 0x0000000100000000)
  eden space 17408K, 0% used [0x00000000eab00000,0x00000000eab00000,0x00000000ebc00000)
  from space 1024K, 74% used [0x00000000ebc00000,0x00000000ebcbdfc8,0x00000000ebd00000)
  to   space 2048K, 0% used [0x00000000ebe80000,0x00000000ebe80000,0x00000000ec080000)
 ParOldGen       total 68608K, used 36149K [0x00000000c0000000, 0x00000000c4300000, 0x00000000eab00000)
  object space 68608K, 52% used [0x00000000c0000000,0x00000000c234d400,0x00000000c4300000)
 Metaspace       used 60739K, committed 61888K, reserved 1114112K
  class space    used 6658K, committed 7168K, reserved 1048576K
}
Event: 6.584 GC heap before
{Heap before GC invocations=31 (full 3):
 PSYoungGen      total 18432K, used 18167K [0x00000000eab00000, 0x00000000ec080000, 0x0000000100000000)
  eden space 17408K, 100% used [0x00000000eab00000,0x00000000ebc00000,0x00000000ebc00000)
  from space 1024K, 74% used [0x00000000ebc00000,0x00000000ebcbdfc8,0x00000000ebd00000)
  to   space 2048K, 0% used [0x00000000ebe80000,0x00000000ebe80000,0x00000000ec080000)
 ParOldGen       total 68608K, used 36149K [0x00000000c0000000, 0x00000000c4300000, 0x00000000eab00000)
  object space 68608K, 52% used [0x00000000c0000000,0x00000000c234d400,0x00000000c4300000)
 Metaspace       used 61355K, committed 62528K, reserved 1114112K
  class space    used 6718K, committed 7232K, reserved 1048576K
}
Event: 6.586 GC heap after
{Heap after GC invocations=31 (full 3):
 PSYoungGen      total 18944K, used 1216K [0x00000000eab00000, 0x00000000ec000000, 0x0000000100000000)
  eden space 17408K, 0% used [0x00000000eab00000,0x00000000eab00000,0x00000000ebc00000)
  from space 1536K, 79% used [0x00000000ebe80000,0x00000000ebfb0020,0x00000000ec000000)
  to   space 1536K, 0% used [0x00000000ebd00000,0x00000000ebd00000,0x00000000ebe80000)
 ParOldGen       total 68608K, used 36747K [0x00000000c0000000, 0x00000000c4300000, 0x00000000eab00000)
  object space 68608K, 53% used [0x00000000c0000000,0x00000000c23e2f28,0x00000000c4300000)
 Metaspace       used 61355K, committed 62528K, reserved 1114112K
  class space    used 6718K, committed 7232K, reserved 1048576K
}

Dll operation events (11 events):
Event: 0.008 Loaded shared library c:\Users\aDMINISTRATOR\.vscode\extensions\redhat.java-1.25.1-win32-x64\jre\17.0.9-win32-x86_64\bin\java.dll
Event: 0.107 Loaded shared library c:\Users\aDMINISTRATOR\.vscode\extensions\redhat.java-1.25.1-win32-x64\jre\17.0.9-win32-x86_64\bin\zip.dll
Event: 0.115 Loaded shared library C:\Users\aDMINISTRATOR\.vscode\extensions\redhat.java-1.25.1-win32-x64\jre\17.0.9-win32-x86_64\bin\instrument.dll
Event: 0.130 Loaded shared library C:\Users\aDMINISTRATOR\.vscode\extensions\redhat.java-1.25.1-win32-x64\jre\17.0.9-win32-x86_64\bin\net.dll
Event: 0.149 Loaded shared library C:\Users\aDMINISTRATOR\.vscode\extensions\redhat.java-1.25.1-win32-x64\jre\17.0.9-win32-x86_64\bin\nio.dll
Event: 0.157 Loaded shared library C:\Users\aDMINISTRATOR\.vscode\extensions\redhat.java-1.25.1-win32-x64\jre\17.0.9-win32-x86_64\bin\zip.dll
Event: 0.177 Loaded shared library C:\Users\aDMINISTRATOR\.vscode\extensions\redhat.java-1.25.1-win32-x64\jre\17.0.9-win32-x86_64\bin\jimage.dll
Event: 0.305 Loaded shared library c:\Users\aDMINISTRATOR\.vscode\extensions\redhat.java-1.25.1-win32-x64\jre\17.0.9-win32-x86_64\bin\verify.dll
Event: 1.426 Loaded shared library C:\Users\aDMINISTRATOR\AppData\Roaming\Code\User\globalStorage\redhat.java\1.25.1\config_win\org.eclipse.equinox.launcher\org.eclipse.equinox.launcher.win32.win32.x86_64_1.2.800.v20231003-1442\eclipse_11802.dll
Event: 3.539 Loaded shared library C:\Users\aDMINISTRATOR\AppData\Local\Temp\jna-146731693\jna478817358909378783.dll
Event: 4.638 Loaded shared library C:\Users\aDMINISTRATOR\.vscode\extensions\redhat.java-1.25.1-win32-x64\jre\17.0.9-win32-x86_64\bin\sunmscapi.dll

Deoptimization events (20 events):
Event: 6.220 Thread 0x000002dab6f8bf60 DEOPT PACKING pc=0x000002da9e7075c5 sp=0x000000f0aecfc860
Event: 6.220 Thread 0x000002dab6f8bf60 DEOPT UNPACKING pc=0x000002daa4e86e43 sp=0x000000f0aecfbd10 mode 0
Event: 6.230 Thread 0x000002dab6f8c470 DEOPT PACKING pc=0x000002da9dba3f1f sp=0x000000f0ad1fe2d0
Event: 6.230 Thread 0x000002dab6f8c470 DEOPT UNPACKING pc=0x000002daa4e86e43 sp=0x000000f0ad1fd860 mode 0
Event: 6.266 Thread 0x000002dab6f8c470 DEOPT PACKING pc=0x000002da9dba3f1f sp=0x000000f0ad1fe280
Event: 6.266 Thread 0x000002dab6f8c470 DEOPT UNPACKING pc=0x000002daa4e86e43 sp=0x000000f0ad1fd800 mode 0
Event: 6.472 Thread 0x000002dab6f8ba50 Uncommon trap: trap_request=0xffffffbe fr.pc=0x000002daa5929738 relative=0x0000000000002b38
Event: 6.472 Thread 0x000002dab6f8ba50 Uncommon trap: reason=profile_predicate action=maybe_recompile pc=0x000002daa5929738 method=org.eclipse.jdt.internal.core.util.HashtableOfArrayToObject.getKey([Ljava/lang/Object;I)[Ljava/lang/Object; @ 61 c2
Event: 6.472 Thread 0x000002dab6f8ba50 DEOPT PACKING pc=0x000002daa5929738 sp=0x000000f0ae7fd7b0
Event: 6.472 Thread 0x000002dab6f8ba50 DEOPT UNPACKING pc=0x000002daa4e866a3 sp=0x000000f0ae7fd710 mode 2
Event: 6.520 Thread 0x000002dab6f8ba50 Uncommon trap: trap_request=0xffffffde fr.pc=0x000002daa561ce04 relative=0x0000000000000264
Event: 6.520 Thread 0x000002dab6f8ba50 Uncommon trap: reason=class_check action=maybe_recompile pc=0x000002daa561ce04 method=java.util.Comparator.lambda$comparing$77a9974f$1(Ljava/util/function/Function;Ljava/lang/Object;Ljava/lang/Object;)I @ 7 c2
Event: 6.520 Thread 0x000002dab6f8ba50 DEOPT PACKING pc=0x000002daa561ce04 sp=0x000000f0ae7fd8d0
Event: 6.520 Thread 0x000002dab6f8ba50 DEOPT UNPACKING pc=0x000002daa4e866a3 sp=0x000000f0ae7fd800 mode 2
Event: 6.590 Thread 0x000002dab6f8ba50 Uncommon trap: trap_request=0xffffff45 fr.pc=0x000002daa55a6a70 relative=0x00000000000004d0
Event: 6.590 Thread 0x000002dab6f8ba50 Uncommon trap: reason=unstable_if action=reinterpret pc=0x000002daa55a6a70 method=java.lang.String.replace(CC)Ljava/lang/String; @ 2 c2
Event: 6.590 Thread 0x000002dab6f8ba50 DEOPT PACKING pc=0x000002daa55a6a70 sp=0x000000f0ae7fd9c0
Event: 6.590 Thread 0x000002dab6f8ba50 DEOPT UNPACKING pc=0x000002daa4e866a3 sp=0x000000f0ae7fd970 mode 2
Event: 6.612 Thread 0x000002dab6f8ba50 DEOPT PACKING pc=0x000002da9e5dc04e sp=0x000000f0ae7fd5b0
Event: 6.612 Thread 0x000002dab6f8ba50 DEOPT UNPACKING pc=0x000002daa4e86e43 sp=0x000000f0ae7fcad8 mode 0

Classes unloaded (7 events):
Event: 2.128 Thread 0x000002dab3fa26e0 Unloading class 0x0000000100248000 'java/lang/invoke/LambdaForm$MH+0x0000000100248000'
Event: 2.128 Thread 0x000002dab3fa26e0 Unloading class 0x0000000100247c00 'java/lang/invoke/LambdaForm$MH+0x0000000100247c00'
Event: 2.128 Thread 0x000002dab3fa26e0 Unloading class 0x0000000100247800 'java/lang/invoke/LambdaForm$MH+0x0000000100247800'
Event: 2.128 Thread 0x000002dab3fa26e0 Unloading class 0x0000000100247400 'java/lang/invoke/LambdaForm$MH+0x0000000100247400'
Event: 2.128 Thread 0x000002dab3fa26e0 Unloading class 0x0000000100247000 'java/lang/invoke/LambdaForm$BMH+0x0000000100247000'
Event: 2.128 Thread 0x000002dab3fa26e0 Unloading class 0x0000000100246c00 'java/lang/invoke/LambdaForm$DMH+0x0000000100246c00'
Event: 2.128 Thread 0x000002dab3fa26e0 Unloading class 0x0000000100244000 'java/lang/invoke/LambdaForm$DMH+0x0000000100244000'

Classes redefined (0 events):
No events

Internal exceptions (20 events):
Event: 4.572 Thread 0x000002dab72d00f0 Implicit null exception at 0x000002daa5617969 to 0x000002daa5618d38
Event: 4.575 Thread 0x000002dab72d00f0 Exception <a 'java/lang/NoSuchMethodError'{0x00000000eb3712a0}: 'java.lang.Object java.lang.invoke.Invokers$Holder.invokeExact_MT(java.lang.Object, int, java.lang.Object)'> (0x00000000eb3712a0) 
thrown [s\src\hotspot\share\interpreter\linkResolver.cpp, line 759]
Event: 4.586 Thread 0x000002dab72d2e80 Exception <a 'java/io/FileNotFoundException'{0x00000000eb4c0820}> (0x00000000eb4c0820) 
thrown [s\src\hotspot\share\prims\jni.cpp, line 516]
Event: 4.586 Thread 0x000002dab72d00f0 Exception <a 'java/lang/NoSuchMethodError'{0x00000000eb4a3858}: 'int java.lang.invoke.DirectMethodHandle$Holder.invokeSpecial(java.lang.Object, java.lang.Object, java.lang.Object, java.lang.Object)'> (0x00000000eb4a3858) 
thrown [s\src\hotspot\share\interpreter\linkResolver.cpp, line 759]
Event: 4.685 Thread 0x000002dab72d1020 Exception <a 'sun/nio/fs/WindowsException'{0x00000000ebc16988}> (0x00000000ebc16988) 
thrown [s\src\hotspot\share\prims\jni.cpp, line 516]
Event: 4.896 Thread 0x000002dab72d00f0 Exception <a 'java/lang/NoClassDefFoundError'{0x00000000eb6a81d0}: com/google/inject/servlet/ServletModuleTargetVisitor> (0x00000000eb6a81d0) 
thrown [s\src\hotspot\share\classfile\systemDictionary.cpp, line 245]
Event: 5.274 Thread 0x000002dab6f8d3a0 Exception <a 'java/io/FileNotFoundException'{0x00000000ebb11770}> (0x00000000ebb11770) 
thrown [s\src\hotspot\share\prims\jni.cpp, line 516]
Event: 5.294 Thread 0x000002dab6f8d3a0 Exception <a 'java/io/FileNotFoundException'{0x00000000ebe47968}> (0x00000000ebe47968) 
thrown [s\src\hotspot\share\prims\jni.cpp, line 516]
Event: 5.294 Thread 0x000002dab6f8d3a0 Exception <a 'java/io/FileNotFoundException'{0x00000000ebe48a00}> (0x00000000ebe48a00) 
thrown [s\src\hotspot\share\prims\jni.cpp, line 516]
Event: 5.317 Thread 0x000002dab6f8ba50 Exception <a 'java/lang/NoSuchMethodError'{0x00000000eaba04c0}: 'int java.lang.invoke.DirectMethodHandle$Holder.invokeSpecialIFC(java.lang.Object, java.lang.Object, java.lang.Object, java.lang.Object)'> (0x00000000eaba04c0) 
thrown [s\src\hotspot\share\interpreter\linkResolver.cpp, line 759]
Event: 5.336 Thread 0x000002dab6f8ba50 Exception <a 'java/lang/NoSuchMethodError'{0x00000000ead5a8e8}: 'int java.lang.invoke.DirectMethodHandle$Holder.invokeInterface(java.lang.Object, java.lang.Object)'> (0x00000000ead5a8e8) 
thrown [s\src\hotspot\share\interpreter\linkResolver.cpp, line 759]
Event: 5.336 Thread 0x000002dab6f8ba50 Exception <a 'java/lang/IncompatibleClassChangeError'{0x00000000ead5de40}: Found class java.lang.Object, but interface was expected> (0x00000000ead5de40) 
thrown [s\src\hotspot\share\interpreter\linkResolver.cpp, line 826]
Event: 5.364 Thread 0x000002dab6f8ba50 Exception <a 'java/lang/NoSuchMethodError'{0x00000000eafc3078}: 'java.lang.Object java.lang.invoke.Invokers$Holder.invoke_MT(java.lang.Object, java.lang.Object, java.lang.Object)'> (0x00000000eafc3078) 
thrown [s\src\hotspot\share\interpreter\linkResolver.cpp, line 759]
Event: 6.068 Thread 0x000002dab6f8ba50 Exception <a 'sun/nio/fs/WindowsException'{0x00000000ebb67860}> (0x00000000ebb67860) 
thrown [s\src\hotspot\share\prims\jni.cpp, line 516]
Event: 6.083 Thread 0x000002dab6f8ba50 Exception <a 'sun/nio/fs/WindowsException'{0x00000000ebb807c8}> (0x00000000ebb807c8) 
thrown [s\src\hotspot\share\prims\jni.cpp, line 516]
Event: 6.130 Thread 0x000002dab72d2e80 Exception <a 'sun/nio/fs/WindowsException'{0x00000000eabee220}> (0x00000000eabee220) 
thrown [s\src\hotspot\share\prims\jni.cpp, line 516]
Event: 6.150 Thread 0x000002dab72d2e80 Exception <a 'sun/nio/fs/WindowsException'{0x00000000eac36ff0}> (0x00000000eac36ff0) 
thrown [s\src\hotspot\share\prims\jni.cpp, line 516]
Event: 6.167 Thread 0x000002dab72d2e80 Exception <a 'java/lang/NoSuchMethodError'{0x00000000ead5f900}: 'java.lang.Object java.lang.invoke.DirectMethodHandle$Holder.invokeStatic(java.lang.Object, java.lang.Object, int, java.lang.Object)'> (0x00000000ead5f900) 
thrown [s\src\hotspot\share\interpreter\linkResolver.cpp, line 759]
Event: 6.168 Thread 0x000002dab72d2e80 Exception <a 'java/lang/NoSuchMethodError'{0x00000000ead6be78}: 'java.lang.Object java.lang.invoke.DirectMethodHandle$Holder.newInvokeSpecial(java.lang.Object, java.lang.Object, int)'> (0x00000000ead6be78) 
thrown [s\src\hotspot\share\interpreter\linkResolver.cpp, line 759]
Event: 6.510 Thread 0x000002dab6f8ba50 Exception <a 'java/io/FileNotFoundException'{0x00000000eb85c790}> (0x00000000eb85c790) 
thrown [s\src\hotspot\share\prims\jni.cpp, line 516]

VM Operations (20 events):
Event: 5.770 Executing VM operation: ParallelGCFailedAllocation
Event: 5.772 Executing VM operation: ParallelGCFailedAllocation done
Event: 5.793 Executing VM operation: ParallelGCFailedAllocation
Event: 5.795 Executing VM operation: ParallelGCFailedAllocation done
Event: 5.920 Executing VM operation: HandshakeAllThreads
Event: 5.920 Executing VM operation: HandshakeAllThreads done
Event: 6.054 Executing VM operation: HandshakeAllThreads
Event: 6.054 Executing VM operation: HandshakeAllThreads done
Event: 6.120 Executing VM operation: ParallelGCFailedAllocation
Event: 6.123 Executing VM operation: ParallelGCFailedAllocation done
Event: 6.175 Executing VM operation: HandshakeAllThreads
Event: 6.175 Executing VM operation: HandshakeAllThreads done
Event: 6.176 Executing VM operation: HandshakeAllThreads
Event: 6.176 Executing VM operation: HandshakeAllThreads done
Event: 6.477 Executing VM operation: ParallelGCFailedAllocation
Event: 6.479 Executing VM operation: ParallelGCFailedAllocation done
Event: 6.526 Executing VM operation: HandshakeAllThreads
Event: 6.526 Executing VM operation: HandshakeAllThreads done
Event: 6.584 Executing VM operation: ParallelGCFailedAllocation
Event: 6.586 Executing VM operation: ParallelGCFailedAllocation done

Events (20 events):
Event: 6.185 loading class java/util/concurrent/CompletableFuture$Signaller
Event: 6.185 loading class java/util/concurrent/CompletableFuture$Signaller done
Event: 6.218 loading class java/util/Hashtable$KeySet
Event: 6.218 loading class java/util/Hashtable$KeySet done
Event: 6.248 Thread 0x000002dab72d0600 Thread added: 0x000002dab72d0600
Event: 6.437 Thread 0x000002dab9099570 Thread exited: 0x000002dab9099570
Event: 6.437 Thread 0x000002dab7ffc480 Thread exited: 0x000002dab7ffc480
Event: 6.463 Thread 0x000002dab7fdc690 Thread exited: 0x000002dab7fdc690
Event: 6.463 Thread 0x000002dab87d7820 Thread exited: 0x000002dab87d7820
Event: 6.466 Thread 0x000002dab7583010 Thread exited: 0x000002dab7583010
Event: 6.466 Thread 0x000002dab74e2040 Thread exited: 0x000002dab74e2040
Event: 6.466 Thread 0x000002dab7174220 Thread exited: 0x000002dab7174220
Event: 6.488 Thread 0x000002dab96daaf0 Thread added: 0x000002dab96daaf0
Event: 6.491 Thread 0x000002dab96db590 Thread added: 0x000002dab96db590
Event: 6.517 loading class java/util/concurrent/ConcurrentHashMap$TreeBin
Event: 6.518 loading class java/util/concurrent/ConcurrentHashMap$TreeBin done
Event: 6.579 loading class java/util/AbstractMap$2
Event: 6.580 loading class java/util/AbstractMap$2 done
Event: 6.580 loading class java/util/AbstractMap$2$1
Event: 6.580 loading class java/util/AbstractMap$2$1 done


Dynamic libraries:
0x00007ff7fdba0000 - 0x00007ff7fdbae000 	c:\Users\aDMINISTRATOR\.vscode\extensions\redhat.java-1.25.1-win32-x64\jre\17.0.9-win32-x86_64\bin\java.exe
0x00007ffc77270000 - 0x00007ffc77468000 	C:\Windows\SYSTEM32\ntdll.dll
0x00007ffc757e0000 - 0x00007ffc7589d000 	C:\Windows\System32\KERNEL32.DLL
0x00007ffc749f0000 - 0x00007ffc74ce6000 	C:\Windows\System32\KERNELBASE.dll
0x00007ffc751d0000 - 0x00007ffc752d0000 	C:\Windows\System32\ucrtbase.dll
0x00007ffc59ef0000 - 0x00007ffc59f0b000 	c:\Users\aDMINISTRATOR\.vscode\extensions\redhat.java-1.25.1-win32-x64\jre\17.0.9-win32-x86_64\bin\VCRUNTIME140.dll
0x00007ffc61df0000 - 0x00007ffc61e07000 	c:\Users\aDMINISTRATOR\.vscode\extensions\redhat.java-1.25.1-win32-x64\jre\17.0.9-win32-x86_64\bin\jli.dll
0x00007ffc75640000 - 0x00007ffc757de000 	C:\Windows\System32\USER32.dll
0x00007ffc5d060000 - 0x00007ffc5d2fa000 	C:\Windows\WinSxS\amd64_microsoft.windows.common-controls_6595b64144ccf1df_6.0.19041.3636_none_60b6a03d71f818d5\COMCTL32.dll
0x00007ffc751a0000 - 0x00007ffc751c2000 	C:\Windows\System32\win32u.dll
0x00007ffc75f60000 - 0x00007ffc75ffe000 	C:\Windows\System32\msvcrt.dll
0x00007ffc75a00000 - 0x00007ffc75a2c000 	C:\Windows\System32\GDI32.dll
0x00007ffc75080000 - 0x00007ffc7519a000 	C:\Windows\System32\gdi32full.dll
0x00007ffc74950000 - 0x00007ffc749ed000 	C:\Windows\System32\msvcp_win.dll
0x00007ffc77200000 - 0x00007ffc77230000 	C:\Windows\System32\IMM32.DLL
0x00007ffc6ed50000 - 0x00007ffc6ed5c000 	c:\Users\aDMINISTRATOR\.vscode\extensions\redhat.java-1.25.1-win32-x64\jre\17.0.9-win32-x86_64\bin\vcruntime140_1.dll
0x00007ffc4aa10000 - 0x00007ffc4aa9d000 	c:\Users\aDMINISTRATOR\.vscode\extensions\redhat.java-1.25.1-win32-x64\jre\17.0.9-win32-x86_64\bin\msvcp140.dll
0x00007ffc26940000 - 0x00007ffc275a1000 	c:\Users\aDMINISTRATOR\.vscode\extensions\redhat.java-1.25.1-win32-x64\jre\17.0.9-win32-x86_64\bin\server\jvm.dll
0x00007ffc75950000 - 0x00007ffc759fe000 	C:\Windows\System32\ADVAPI32.dll
0x00007ffc75480000 - 0x00007ffc7551c000 	C:\Windows\System32\sechost.dll
0x00007ffc75b60000 - 0x00007ffc75c86000 	C:\Windows\System32\RPCRT4.dll
0x00007ffc747b0000 - 0x00007ffc747fb000 	C:\Windows\SYSTEM32\POWRPROF.dll
0x00007ffc6aea0000 - 0x00007ffc6aec7000 	C:\Windows\SYSTEM32\WINMM.dll
0x00007ffc65470000 - 0x00007ffc65479000 	C:\Windows\SYSTEM32\WSOCK32.dll
0x00007ffc6db60000 - 0x00007ffc6db6a000 	C:\Windows\SYSTEM32\VERSION.dll
0x00007ffc755d0000 - 0x00007ffc7563b000 	C:\Windows\System32\WS2_32.dll
0x00007ffc74790000 - 0x00007ffc747a2000 	C:\Windows\SYSTEM32\UMPDC.dll
0x00007ffc72660000 - 0x00007ffc72672000 	C:\Windows\SYSTEM32\kernel.appcore.dll
0x00007ffc6dca0000 - 0x00007ffc6dcaa000 	c:\Users\aDMINISTRATOR\.vscode\extensions\redhat.java-1.25.1-win32-x64\jre\17.0.9-win32-x86_64\bin\jimage.dll
0x00007ffc6a1a0000 - 0x00007ffc6a384000 	C:\Windows\SYSTEM32\DBGHELP.DLL
0x00007ffc69c10000 - 0x00007ffc69c44000 	C:\Windows\SYSTEM32\dbgcore.DLL
0x00007ffc74f30000 - 0x00007ffc74fb2000 	C:\Windows\System32\bcryptPrimitives.dll
0x00007ffc63160000 - 0x00007ffc6316e000 	c:\Users\aDMINISTRATOR\.vscode\extensions\redhat.java-1.25.1-win32-x64\jre\17.0.9-win32-x86_64\bin\instrument.dll
0x00007ffc51590000 - 0x00007ffc515b5000 	c:\Users\aDMINISTRATOR\.vscode\extensions\redhat.java-1.25.1-win32-x64\jre\17.0.9-win32-x86_64\bin\java.dll
0x00007ffc541c0000 - 0x00007ffc541d8000 	c:\Users\aDMINISTRATOR\.vscode\extensions\redhat.java-1.25.1-win32-x64\jre\17.0.9-win32-x86_64\bin\zip.dll
0x00007ffc76990000 - 0x00007ffc770d4000 	C:\Windows\System32\SHELL32.dll
0x00007ffc72860000 - 0x00007ffc72ffb000 	C:\Windows\SYSTEM32\windows.storage.dll
0x00007ffc76160000 - 0x00007ffc764b4000 	C:\Windows\System32\combase.dll
0x00007ffc742c0000 - 0x00007ffc742ed000 	C:\Windows\SYSTEM32\Wldp.dll
0x00007ffc758a0000 - 0x00007ffc7594d000 	C:\Windows\System32\SHCORE.dll
0x00007ffc764c0000 - 0x00007ffc76515000 	C:\Windows\System32\shlwapi.dll
0x00007ffc74880000 - 0x00007ffc748a5000 	C:\Windows\SYSTEM32\profapi.dll
0x00007ffc53b20000 - 0x00007ffc53b39000 	C:\Users\aDMINISTRATOR\.vscode\extensions\redhat.java-1.25.1-win32-x64\jre\17.0.9-win32-x86_64\bin\net.dll
0x00007ffc6ec40000 - 0x00007ffc6ed4a000 	C:\Windows\SYSTEM32\WINHTTP.dll
0x00007ffc74020000 - 0x00007ffc7408a000 	C:\Windows\system32\mswsock.dll
0x00007ffc53680000 - 0x00007ffc53696000 	C:\Users\aDMINISTRATOR\.vscode\extensions\redhat.java-1.25.1-win32-x64\jre\17.0.9-win32-x86_64\bin\nio.dll
0x00007ffc61db0000 - 0x00007ffc61dc0000 	c:\Users\aDMINISTRATOR\.vscode\extensions\redhat.java-1.25.1-win32-x64\jre\17.0.9-win32-x86_64\bin\verify.dll
0x00007ffc4b3c0000 - 0x00007ffc4b3fe000 	C:\Users\aDMINISTRATOR\AppData\Roaming\Code\User\globalStorage\redhat.java\1.25.1\config_win\org.eclipse.equinox.launcher\org.eclipse.equinox.launcher.win32.win32.x86_64_1.2.800.v20231003-1442\eclipse_11802.dll
0x00007ffc75350000 - 0x00007ffc7547b000 	C:\Windows\System32\ole32.dll
0x00007ffc74220000 - 0x00007ffc74238000 	C:\Windows\SYSTEM32\CRYPTSP.dll
0x00007ffc73950000 - 0x00007ffc73984000 	C:\Windows\system32\rsaenh.dll
0x00007ffc74e50000 - 0x00007ffc74e77000 	C:\Windows\System32\bcrypt.dll
0x00007ffc74800000 - 0x00007ffc7482e000 	C:\Windows\SYSTEM32\USERENV.dll
0x00007ffc74210000 - 0x00007ffc7421c000 	C:\Windows\SYSTEM32\CRYPTBASE.dll
0x00007ffc73d10000 - 0x00007ffc73d4b000 	C:\Windows\SYSTEM32\IPHLPAPI.DLL
0x00007ffc76070000 - 0x00007ffc76078000 	C:\Windows\System32\NSI.dll
0x00007ffc6e200000 - 0x00007ffc6e217000 	C:\Windows\SYSTEM32\dhcpcsvc6.DLL
0x00007ffc6e0b0000 - 0x00007ffc6e0cd000 	C:\Windows\SYSTEM32\dhcpcsvc.DLL
0x00007ffc73d50000 - 0x00007ffc73e1a000 	C:\Windows\SYSTEM32\DNSAPI.dll
0x00007ffc40300000 - 0x00007ffc40345000 	C:\Users\aDMINISTRATOR\AppData\Local\Temp\jna-146731693\jna478817358909378783.dll
0x00007ffc76000000 - 0x00007ffc76008000 	C:\Windows\System32\PSAPI.DLL
0x00007ffc609e0000 - 0x00007ffc609ee000 	C:\Users\aDMINISTRATOR\.vscode\extensions\redhat.java-1.25.1-win32-x64\jre\17.0.9-win32-x86_64\bin\sunmscapi.dll
0x00007ffc74cf0000 - 0x00007ffc74e4d000 	C:\Windows\System32\CRYPT32.dll
0x00007ffc74330000 - 0x00007ffc74357000 	C:\Windows\SYSTEM32\ncrypt.dll
0x00007ffc742f0000 - 0x00007ffc7432b000 	C:\Windows\SYSTEM32\NTASN1.dll
0x00007ffc6d5f0000 - 0x00007ffc6d5fa000 	C:\Windows\System32\rasadhlp.dll
0x00007ffc6e180000 - 0x00007ffc6e200000 	C:\Windows\System32\fwpuclnt.dll

dbghelp: loaded successfully - version: 4.0.5 - missing functions: none
symbol engine: initialized successfully - sym options: 0x614 - pdb path: .;c:\Users\aDMINISTRATOR\.vscode\extensions\redhat.java-1.25.1-win32-x64\jre\17.0.9-win32-x86_64\bin;C:\Windows\SYSTEM32;C:\Windows\WinSxS\amd64_microsoft.windows.common-controls_6595b64144ccf1df_6.0.19041.3636_none_60b6a03d71f818d5;c:\Users\aDMINISTRATOR\.vscode\extensions\redhat.java-1.25.1-win32-x64\jre\17.0.9-win32-x86_64\bin\server;C:\Users\aDMINISTRATOR\AppData\Roaming\Code\User\globalStorage\redhat.java\1.25.1\config_win\org.eclipse.equinox.launcher\org.eclipse.equinox.launcher.win32.win32.x86_64_1.2.800.v20231003-1442;C:\Users\aDMINISTRATOR\AppData\Local\Temp\jna-146731693

VM Arguments:
jvm_args: --add-modules=ALL-SYSTEM --add-opens=java.base/java.util=ALL-UNNAMED --add-opens=java.base/java.lang=ALL-UNNAMED --add-opens=java.base/sun.nio.fs=ALL-UNNAMED -Declipse.application=org.eclipse.jdt.ls.core.id1 -Dosgi.bundles.defaultStartLevel=4 -Declipse.product=org.eclipse.jdt.ls.core.product -Djava.import.generatesMetadataFilesAtProjectRoot=false -DDetectVMInstallationsJob.disabled=true -Dfile.encoding=utf8 -XX:+UseParallelGC -XX:GCTimeRatio=4 -XX:AdaptiveSizePolicyWeight=90 -Dsun.zip.disableMemoryMapping=true -Xmx1G -Xms100m -Xlog:disable -javaagent:c:\Users\aDMINISTRATOR\.vscode\extensions\redhat.java-1.25.1-win32-x64\lombok\lombok-1.18.30.jar -XX:+HeapDumpOnOutOfMemoryError -XX:HeapDumpPath=c:\Users\aDMINISTRATOR\AppData\Roaming\Code\User\workspaceStorage\d22f8927ca9d7b0742f74e5c6caa0309\redhat.java -Daether.dependencyCollector.impl=bf 
java_command: c:\Users\aDMINISTRATOR\.vscode\extensions\redhat.java-1.25.1-win32-x64\server\plugins\org.eclipse.equinox.launcher_1.6.600.v20231106-1826.jar -configuration c:\Users\aDMINISTRATOR\AppData\Roaming\Code\User\globalStorage\redhat.java\1.25.1\config_win -data c:\Users\aDMINISTRATOR\AppData\Roaming\Code\User\workspaceStorage\d22f8927ca9d7b0742f74e5c6caa0309\redhat.java\jdt_ws --stdio
java_class_path (initial): c:\Users\aDMINISTRATOR\.vscode\extensions\redhat.java-1.25.1-win32-x64\server\plugins\org.eclipse.equinox.launcher_1.6.600.v20231106-1826.jar
Launcher Type: SUN_STANDARD

[Global flags]
    uintx AdaptiveSizePolicyWeight                 = 90                                        {product} {command line}
     intx CICompilerCount                          = 12                                        {product} {ergonomic}
    uintx GCTimeRatio                              = 4                                         {product} {command line}
     bool HeapDumpOnOutOfMemoryError               = true                                   {manageable} {command line}
    ccstr HeapDumpPath                             = c:\Users\aDMINISTRATOR\AppData\Roaming\Code\User\workspaceStorage\d22f8927ca9d7b0742f74e5c6caa0309\redhat.java         {manageable} {command line}
   size_t InitialHeapSize                          = 104857600                                 {product} {command line}
   size_t MaxHeapSize                              = 1073741824                                {product} {command line}
   size_t MaxNewSize                               = 357564416                                 {product} {ergonomic}
   size_t MinHeapDeltaBytes                        = 524288                                    {product} {ergonomic}
   size_t MinHeapSize                              = 104857600                                 {product} {command line}
   size_t NewSize                                  = 34603008                                  {product} {ergonomic}
    uintx NonNMethodCodeHeapSize                   = 7602480                                {pd product} {ergonomic}
    uintx NonProfiledCodeHeapSize                  = 122027880                              {pd product} {ergonomic}
   size_t OldSize                                  = 70254592                                  {product} {ergonomic}
    uintx ProfiledCodeHeapSize                     = 122027880                              {pd product} {ergonomic}
    uintx ReservedCodeCacheSize                    = 251658240                              {pd product} {ergonomic}
     bool SegmentedCodeCache                       = true                                      {product} {ergonomic}
   size_t SoftMaxHeapSize                          = 1073741824                             {manageable} {ergonomic}
     bool UseCompressedClassPointers               = true                           {product lp64_product} {ergonomic}
     bool UseCompressedOops                        = true                           {product lp64_product} {ergonomic}
     bool UseLargePagesIndividualAllocation        = false                                  {pd product} {ergonomic}
     bool UseParallelGC                            = true                                      {product} {command line}

Logging:
Log output configuration:
 #0: stdout all=off uptime,level,tags
 #1: stderr all=off uptime,level,tags

Environment Variables:
PATH=C:\Program Files\Common Files\Oracle\Java\javapath;C:\Windows\system32;C:\Windows;C:\Windows\System32\Wbem;C:\Windows\System32\WindowsPowerShell\v1.0\;C:\Windows\System32\OpenSSH\;C:\Program Files\Git\cmd;C:\maven\apache-maven-3.8.8\bin;C:\Program Files\Java\jdk-20;C:\Program Files\nodejs\;C:\ProgramData\chocolatey\bin;C:\Program Files\MySQL\MySQL Shell 8.0\bin\;C:\Users\aDMINISTRATOR\AppData\Local\Microsoft\WindowsApps;C:\Users\aDMINISTRATOR\AppData\Roaming\npm;C:\Users\aDMINISTRATOR\AppData\Local\Programs\Microsoft VS Code\bin
USERNAME=Administrator
OS=Windows_NT
PROCESSOR_IDENTIFIER=Intel64 Family 6 Model 165 Stepping 5, GenuineIntel
TMP=C:\Users\ADMINI~1\AppData\Local\Temp
TEMP=C:\Users\ADMINI~1\AppData\Local\Temp



Periodic native trim disabled


---------------  S Y S T E M  ---------------

OS:
 Windows 10 , 64 bit Build 19041 (10.0.19041.3636)
OS uptime: 1 days 0:26 hours
Hyper-V virtualization detected

CPU: total 16 (initial active 16) (8 cores per cpu, 2 threads per core) family 6 model 165 stepping 5 microcode 0xffffffff, cx8, cmov, fxsr, ht, mmx, 3dnowpref, sse, sse2, sse3, ssse3, sse4.1, sse4.2, popcnt, lzcnt, tsc, avx, avx2, aes, erms, clmul, bmi1, bmi2, adx, fma, vzeroupper, clflush, clflushopt, hv
Processor Information for all 16 processors :
  Max Mhz: 2904, Current Mhz: 2904, Mhz Limit: 2904

Memory: 4k page, system-wide physical 15999M (2340M free)
TotalPageFile size 30136M (AvailPageFile size 149M)
current process WorkingSet (physical memory assigned to process): 244M, peak: 258M
current process commit charge ("private bytes"): 331M, peak: 363M

vm_info: OpenJDK 64-Bit Server VM (17.0.9+9) for windows-amd64 JRE (17.0.9+9), built on Oct 26 2023 14:01:42 by "admin" with MS VC++ 16.10 / 16.11 (VS2019)

END.
