#
# There is insufficient memory for the Java Runtime Environment to continue.
# Native memory allocation (mmap) failed to map 65536 bytes for Failed to commit metaspace.
# Possible reasons:
#   The system is out of physical RAM or swap space
#   The process is running with CompressedOops enabled, and the Java Heap may be blocking the growth of the native heap
# Possible solutions:
#   Reduce memory load on the system
#   Increase physical memory or swap space
#   Check if swap backing store is full
#   Decrease Java heap size (-Xmx/-Xms)
#   Decrease number of Java threads
#   Decrease Java thread stack sizes (-Xss)
#   Set larger code cache with -XX:ReservedCodeCacheSize=
#   JVM is running with Unscaled Compressed Oops mode in which the Java heap is
#     placed in the first 4GB address space. The Java Heap base address is the
#     maximum limit for the native heap growth. Please use -XX:HeapBaseMinAddress
#     to set the Java Heap base and to place the Java Heap above 4GB virtual address.
# This output file may be truncated or incomplete.
#
#  Out of Memory Error (virtualSpaceNode.cpp:110), pid=136812, tid=117184
#
# JRE version:  (17.0.9+9) (build )
# Java VM: OpenJDK 64-Bit Server VM (17.0.9+9, mixed mode, tiered, compressed oops, compressed class ptrs, parallel gc, windows-amd64)
# No core dump will be written. Minidumps are not enabled by default on client versions of Windows
#

---------------  S U M M A R Y ------------

Command Line: --add-modules=ALL-SYSTEM --add-opens=java.base/java.util=ALL-UNNAMED --add-opens=java.base/java.lang=ALL-UNNAMED --add-opens=java.base/sun.nio.fs=ALL-UNNAMED -Declipse.application=org.eclipse.jdt.ls.core.id1 -Dosgi.bundles.defaultStartLevel=4 -Declipse.product=org.eclipse.jdt.ls.core.product -Djava.import.generatesMetadataFilesAtProjectRoot=false -DDetectVMInstallationsJob.disabled=true -Dfile.encoding=utf8 -XX:+UseParallelGC -XX:GCTimeRatio=4 -XX:AdaptiveSizePolicyWeight=90 -Dsun.zip.disableMemoryMapping=true -Xmx1G -Xms100m -Xlog:disable -javaagent:c:\Users\aDMINISTRATOR\.vscode\extensions\redhat.java-1.25.1-win32-x64\lombok\lombok-1.18.30.jar -XX:+HeapDumpOnOutOfMemoryError -XX:HeapDumpPath=c:\Users\aDMINISTRATOR\AppData\Roaming\Code\User\workspaceStorage\d22f8927ca9d7b0742f74e5c6caa0309\redhat.java -Daether.dependencyCollector.impl=bf c:\Users\aDMINISTRATOR\.vscode\extensions\redhat.java-1.25.1-win32-x64\server\plugins\org.eclipse.equinox.launcher_1.6.600.v20231106-1826.jar -configuration c:\Users\aDMINISTRATOR\AppData\Roaming\Code\User\globalStorage\redhat.java\1.25.1\config_win -data c:\Users\aDMINISTRATOR\AppData\Roaming\Code\User\workspaceStorage\d22f8927ca9d7b0742f74e5c6caa0309\redhat.java\jdt_ws --stdio

Host: Intel(R) Core(TM) i7-10700F CPU @ 2.90GHz, 16 cores, 15G,  Windows 10 , 64 bit Build 19041 (10.0.19041.3636)
Time: Mon Jan  8 10:00:19 2024 Hora oficial do Brasil elapsed time: 0.037300 seconds (0d 0h 0m 0s)

---------------  T H R E A D  ---------------

Current thread (0x00000158b9a3af70):  JavaThread "Unknown thread" [_thread_in_vm, id=117184, stack(0x00000041c8c00000,0x00000041c8d00000)]

Stack: [0x00000041c8c00000,0x00000041c8d00000]
Native frames: (J=compiled Java code, j=interpreted, Vv=VM code, C=native code)
V  [jvm.dll+0x67cf49]
V  [jvm.dll+0x83478a]
V  [jvm.dll+0x83624e]
V  [jvm.dll+0x8368b3]
V  [jvm.dll+0x247f1f]
V  [jvm.dll+0x83044b]
V  [jvm.dll+0x621776]
V  [jvm.dll+0x6217da]
V  [jvm.dll+0x62400a]
V  [jvm.dll+0x622116]
V  [jvm.dll+0x23c46f]
V  [jvm.dll+0x62bfc5]
V  [jvm.dll+0x1ebfdb]
V  [jvm.dll+0x1ec515]
V  [jvm.dll+0x1ecfd0]
V  [jvm.dll+0x1e23d1]
V  [jvm.dll+0x54305e]
V  [jvm.dll+0x1f2e27]
V  [jvm.dll+0x7adb8b]
V  [jvm.dll+0x7aef5c]
V  [jvm.dll+0x7af7d3]
V  [jvm.dll+0x1ed284]
V  [jvm.dll+0x1e23ea]
V  [jvm.dll+0x54305e]
V  [jvm.dll+0x1f2e27]
V  [jvm.dll+0x7adb8b]
V  [jvm.dll+0x7aef5c]
V  [jvm.dll+0x7af2a8]
V  [jvm.dll+0x832b3f]
V  [jvm.dll+0x832890]
V  [jvm.dll+0x8047ba]
V  [jvm.dll+0x805f5d]
V  [jvm.dll+0x36cf61]
V  [jvm.dll+0x7e4aac]
V  [jvm.dll+0x3f07af]
V  [jvm.dll+0x3f23e1]
C  [jli.dll+0x528f]
C  [ucrtbase.dll+0x21bb2]
C  [KERNEL32.DLL+0x17344]
C  [ntdll.dll+0x526b1]


---------------  P R O C E S S  ---------------

Threads class SMR info:
_java_thread_list=0x00007ffc11a4ee98, length=0, elements={
}

Java Threads: ( => current thread )

Other Threads:
  0x00000158b9a46320 GCTaskThread "GC Thread#0" [stack: 0x00000041c8d00000,0x00000041c8e00000] [id=146576]

=>0x00000158b9a3af70 (exited) JavaThread "Unknown thread" [_thread_in_vm, id=117184, stack(0x00000041c8c00000,0x00000041c8d00000)]

Threads with active compile tasks:

VM state: not at safepoint (not fully initialized)

VM Mutex/Monitor currently owned by a thread:  ([mutex/lock_event])
[0x00000158b9a357e0] Metaspace_lock - owner thread: 0x00000158b9a3af70

Heap address: 0x00000000c0000000, size: 1024 MB, Compressed Oops mode: 32-bit

CDS archive(s) not mapped
Compressed class space mapped at: 0x0000000100000000-0x0000000140000000, reserved size: 1073741824
Narrow klass base: 0x0000000000000000, Narrow klass shift: 3, Narrow klass range: 0x140000000

GC Precious Log:
 CPUs: 16 total, 16 available
 Memory: 15999M
 Large Page Support: Disabled
 NUMA Support: Disabled
 Compressed Oops: Enabled (32-bit)
 Alignments: Space 512K, Generation 512K, Heap 2M
 Heap Min Capacity: 100M
 Heap Initial Capacity: 100M
 Heap Max Capacity: 1G
 Pre-touch: Disabled
 Parallel Workers: 13

Heap:
 PSYoungGen      total 29696K, used 512K [0x00000000eab00000, 0x00000000ecc00000, 0x0000000100000000)
  eden space 25600K, 2% used [0x00000000eab00000,0x00000000eab80070,0x00000000ec400000)
  from space 4096K, 0% used [0x00000000ec800000,0x00000000ec800000,0x00000000ecc00000)
  to   space 4096K, 0% used [0x00000000ec400000,0x00000000ec400000,0x00000000ec800000)
 ParOldGen       total 68608K, used 0K [0x00000000c0000000, 0x00000000c4300000, 0x00000000eab00000)
  object space 68608K, 0% used [0x00000000c0000000,0x00000000c0000000,0x00000000c4300000)
 Metaspace       used 497K, committed 512K, reserved 1114112K
  class space    used 49K, committed 64K, reserved 1048576K

Card table byte_map: [0x00000158cd090000,0x00000158cd2a0000] _byte_map_base: 0x00000158cca90000

Marking Bits: (ParMarkBitMap*) 0x00007ffc11abd0b0
 Begin Bits: [0x00000158cd400000, 0x00000158ce400000)
 End Bits:   [0x00000158ce400000, 0x00000158cf400000)

GC Heap History (0 events):
No events

Dll operation events (1 events):
Event: 0.017 Loaded shared library c:\Users\aDMINISTRATOR\.vscode\extensions\redhat.java-1.25.1-win32-x64\jre\17.0.9-win32-x86_64\bin\java.dll

Deoptimization events (0 events):
No events

Classes unloaded (0 events):
No events

Classes redefined (0 events):
No events

Internal exceptions (0 events):
No events

VM Operations (0 events):
No events

Events (20 events):
Event: 0.032 loading class jdk/internal/reflect/DelegatingClassLoader
Event: 0.032 loading class jdk/internal/reflect/DelegatingClassLoader done
Event: 0.032 loading class jdk/internal/reflect/ConstantPool
Event: 0.032 loading class jdk/internal/reflect/ConstantPool done
Event: 0.032 loading class jdk/internal/reflect/UnsafeStaticFieldAccessorImpl
Event: 0.032 loading class jdk/internal/reflect/UnsafeFieldAccessorImpl
Event: 0.032 loading class jdk/internal/reflect/FieldAccessorImpl
Event: 0.032 loading class jdk/internal/reflect/FieldAccessor
Event: 0.032 loading class jdk/internal/reflect/FieldAccessor done
Event: 0.032 loading class jdk/internal/reflect/FieldAccessorImpl done
Event: 0.032 loading class jdk/internal/reflect/UnsafeFieldAccessorImpl done
Event: 0.032 loading class jdk/internal/reflect/UnsafeStaticFieldAccessorImpl done
Event: 0.032 loading class jdk/internal/reflect/CallerSensitive
Event: 0.032 loading class java/lang/annotation/Annotation
Event: 0.032 loading class java/lang/annotation/Annotation done
Event: 0.032 loading class jdk/internal/reflect/CallerSensitive done
Event: 0.032 loading class jdk/internal/reflect/NativeConstructorAccessorImpl
Event: 0.032 loading class jdk/internal/reflect/NativeConstructorAccessorImpl done
Event: 0.032 loading class java/lang/invoke/DirectMethodHandle
Event: 0.032 loading class java/lang/invoke/MethodHandle


Dynamic libraries:
0x00007ff7cfeb0000 - 0x00007ff7cfebe000 	c:\Users\aDMINISTRATOR\.vscode\extensions\redhat.java-1.25.1-win32-x64\jre\17.0.9-win32-x86_64\bin\java.exe
0x00007ffc77270000 - 0x00007ffc77468000 	C:\Windows\SYSTEM32\ntdll.dll
0x00007ffc757e0000 - 0x00007ffc7589d000 	C:\Windows\System32\KERNEL32.DLL
0x00007ffc749f0000 - 0x00007ffc74ce6000 	C:\Windows\System32\KERNELBASE.dll
0x00007ffc751d0000 - 0x00007ffc752d0000 	C:\Windows\System32\ucrtbase.dll
0x00007ffc715b0000 - 0x00007ffc715c7000 	c:\Users\aDMINISTRATOR\.vscode\extensions\redhat.java-1.25.1-win32-x64\jre\17.0.9-win32-x86_64\bin\jli.dll
0x00007ffc68940000 - 0x00007ffc6895b000 	c:\Users\aDMINISTRATOR\.vscode\extensions\redhat.java-1.25.1-win32-x64\jre\17.0.9-win32-x86_64\bin\VCRUNTIME140.dll
0x00007ffc75640000 - 0x00007ffc757de000 	C:\Windows\System32\USER32.dll
0x00007ffc751a0000 - 0x00007ffc751c2000 	C:\Windows\System32\win32u.dll
0x00007ffc5d060000 - 0x00007ffc5d2fa000 	C:\Windows\WinSxS\amd64_microsoft.windows.common-controls_6595b64144ccf1df_6.0.19041.3636_none_60b6a03d71f818d5\COMCTL32.dll
0x00007ffc75a00000 - 0x00007ffc75a2c000 	C:\Windows\System32\GDI32.dll
0x00007ffc75f60000 - 0x00007ffc75ffe000 	C:\Windows\System32\msvcrt.dll
0x00007ffc75080000 - 0x00007ffc7519a000 	C:\Windows\System32\gdi32full.dll
0x00007ffc74950000 - 0x00007ffc749ed000 	C:\Windows\System32\msvcp_win.dll
0x00007ffc77200000 - 0x00007ffc77230000 	C:\Windows\System32\IMM32.DLL
0x00007ffc71a20000 - 0x00007ffc71a2c000 	c:\Users\aDMINISTRATOR\.vscode\extensions\redhat.java-1.25.1-win32-x64\jre\17.0.9-win32-x86_64\bin\vcruntime140_1.dll
0x00007ffc4dc80000 - 0x00007ffc4dd0d000 	c:\Users\aDMINISTRATOR\.vscode\extensions\redhat.java-1.25.1-win32-x64\jre\17.0.9-win32-x86_64\bin\msvcp140.dll
0x00007ffc10f20000 - 0x00007ffc11b81000 	c:\Users\aDMINISTRATOR\.vscode\extensions\redhat.java-1.25.1-win32-x64\jre\17.0.9-win32-x86_64\bin\server\jvm.dll
0x00007ffc75950000 - 0x00007ffc759fe000 	C:\Windows\System32\ADVAPI32.dll
0x00007ffc75480000 - 0x00007ffc7551c000 	C:\Windows\System32\sechost.dll
0x00007ffc75b60000 - 0x00007ffc75c86000 	C:\Windows\System32\RPCRT4.dll
0x00007ffc65470000 - 0x00007ffc65479000 	C:\Windows\SYSTEM32\WSOCK32.dll
0x00007ffc6aea0000 - 0x00007ffc6aec7000 	C:\Windows\SYSTEM32\WINMM.dll
0x00007ffc6db60000 - 0x00007ffc6db6a000 	C:\Windows\SYSTEM32\VERSION.dll
0x00007ffc747b0000 - 0x00007ffc747fb000 	C:\Windows\SYSTEM32\POWRPROF.dll
0x00007ffc755d0000 - 0x00007ffc7563b000 	C:\Windows\System32\WS2_32.dll
0x00007ffc74790000 - 0x00007ffc747a2000 	C:\Windows\SYSTEM32\UMPDC.dll
0x00007ffc72660000 - 0x00007ffc72672000 	C:\Windows\SYSTEM32\kernel.appcore.dll
0x00007ffc6ed50000 - 0x00007ffc6ed5a000 	c:\Users\aDMINISTRATOR\.vscode\extensions\redhat.java-1.25.1-win32-x64\jre\17.0.9-win32-x86_64\bin\jimage.dll
0x00007ffc6a1a0000 - 0x00007ffc6a384000 	C:\Windows\SYSTEM32\DBGHELP.DLL
0x00007ffc69c10000 - 0x00007ffc69c44000 	C:\Windows\SYSTEM32\dbgcore.DLL
0x00007ffc74f30000 - 0x00007ffc74fb2000 	C:\Windows\System32\bcryptPrimitives.dll
0x00007ffc68840000 - 0x00007ffc6884e000 	c:\Users\aDMINISTRATOR\.vscode\extensions\redhat.java-1.25.1-win32-x64\jre\17.0.9-win32-x86_64\bin\instrument.dll
0x00007ffc50030000 - 0x00007ffc50055000 	c:\Users\aDMINISTRATOR\.vscode\extensions\redhat.java-1.25.1-win32-x64\jre\17.0.9-win32-x86_64\bin\java.dll
0x00007ffc61e50000 - 0x00007ffc61e68000 	c:\Users\aDMINISTRATOR\.vscode\extensions\redhat.java-1.25.1-win32-x64\jre\17.0.9-win32-x86_64\bin\zip.dll

dbghelp: loaded successfully - version: 4.0.5 - missing functions: none
symbol engine: initialized successfully - sym options: 0x614 - pdb path: .;c:\Users\aDMINISTRATOR\.vscode\extensions\redhat.java-1.25.1-win32-x64\jre\17.0.9-win32-x86_64\bin;C:\Windows\SYSTEM32;C:\Windows\WinSxS\amd64_microsoft.windows.common-controls_6595b64144ccf1df_6.0.19041.3636_none_60b6a03d71f818d5;c:\Users\aDMINISTRATOR\.vscode\extensions\redhat.java-1.25.1-win32-x64\jre\17.0.9-win32-x86_64\bin\server

VM Arguments:
jvm_args: --add-modules=ALL-SYSTEM --add-opens=java.base/java.util=ALL-UNNAMED --add-opens=java.base/java.lang=ALL-UNNAMED --add-opens=java.base/sun.nio.fs=ALL-UNNAMED -Declipse.application=org.eclipse.jdt.ls.core.id1 -Dosgi.bundles.defaultStartLevel=4 -Declipse.product=org.eclipse.jdt.ls.core.product -Djava.import.generatesMetadataFilesAtProjectRoot=false -DDetectVMInstallationsJob.disabled=true -Dfile.encoding=utf8 -XX:+UseParallelGC -XX:GCTimeRatio=4 -XX:AdaptiveSizePolicyWeight=90 -Dsun.zip.disableMemoryMapping=true -Xmx1G -Xms100m -Xlog:disable -javaagent:c:\Users\aDMINISTRATOR\.vscode\extensions\redhat.java-1.25.1-win32-x64\lombok\lombok-1.18.30.jar -XX:+HeapDumpOnOutOfMemoryError -XX:HeapDumpPath=c:\Users\aDMINISTRATOR\AppData\Roaming\Code\User\workspaceStorage\d22f8927ca9d7b0742f74e5c6caa0309\redhat.java -Daether.dependencyCollector.impl=bf 
java_command: c:\Users\aDMINISTRATOR\.vscode\extensions\redhat.java-1.25.1-win32-x64\server\plugins\org.eclipse.equinox.launcher_1.6.600.v20231106-1826.jar -configuration c:\Users\aDMINISTRATOR\AppData\Roaming\Code\User\globalStorage\redhat.java\1.25.1\config_win -data c:\Users\aDMINISTRATOR\AppData\Roaming\Code\User\workspaceStorage\d22f8927ca9d7b0742f74e5c6caa0309\redhat.java\jdt_ws --stdio
java_class_path (initial): c:\Users\aDMINISTRATOR\.vscode\extensions\redhat.java-1.25.1-win32-x64\server\plugins\org.eclipse.equinox.launcher_1.6.600.v20231106-1826.jar
Launcher Type: SUN_STANDARD

[Global flags]
    uintx AdaptiveSizePolicyWeight                 = 90                                        {product} {command line}
     intx CICompilerCount                          = 12                                        {product} {ergonomic}
    uintx GCTimeRatio                              = 4                                         {product} {command line}
     bool HeapDumpOnOutOfMemoryError               = true                                   {manageable} {command line}
    ccstr HeapDumpPath                             = c:\Users\aDMINISTRATOR\AppData\Roaming\Code\User\workspaceStorage\d22f8927ca9d7b0742f74e5c6caa0309\redhat.java         {manageable} {command line}
   size_t InitialHeapSize                          = 104857600                                 {product} {command line}
   size_t MaxHeapSize                              = 1073741824                                {product} {command line}
   size_t MaxNewSize                               = 357564416                                 {product} {ergonomic}
   size_t MinHeapDeltaBytes                        = 524288                                    {product} {ergonomic}
   size_t MinHeapSize                              = 104857600                                 {product} {command line}
   size_t NewSize                                  = 34603008                                  {product} {ergonomic}
    uintx NonNMethodCodeHeapSize                   = 7602480                                {pd product} {ergonomic}
    uintx NonProfiledCodeHeapSize                  = 122027880                              {pd product} {ergonomic}
   size_t OldSize                                  = 70254592                                  {product} {ergonomic}
    uintx ProfiledCodeHeapSize                     = 122027880                              {pd product} {ergonomic}
    uintx ReservedCodeCacheSize                    = 251658240                              {pd product} {ergonomic}
     bool SegmentedCodeCache                       = true                                      {product} {ergonomic}
   size_t SoftMaxHeapSize                          = 1073741824                             {manageable} {ergonomic}
     bool UseCompressedClassPointers               = true                           {product lp64_product} {ergonomic}
     bool UseCompressedOops                        = true                           {product lp64_product} {ergonomic}
     bool UseLargePagesIndividualAllocation        = false                                  {pd product} {ergonomic}
     bool UseParallelGC                            = true                                      {product} {command line}

Logging:
Log output configuration:
 #0: stdout all=off uptime,level,tags
 #1: stderr all=off uptime,level,tags

Environment Variables:
PATH=C:\Program Files\Common Files\Oracle\Java\javapath;C:\Windows\system32;C:\Windows;C:\Windows\System32\Wbem;C:\Windows\System32\WindowsPowerShell\v1.0\;C:\Windows\System32\OpenSSH\;C:\maven\apache-maven-3.8.8\bin;C:\Program Files\Java\jdk-20;C:\ProgramData\chocolatey\bin;C:\Program Files\Disk Usage\;C:\Program Files\Git\cmd;C:\Program Files\nodejs\;C:\Program Files\MySQL\MySQL Shell 8.0\bin\;C:\Users\aDMINISTRATOR\AppData\Local\Microsoft\WindowsApps;C:\Users\aDMINISTRATOR\AppData\Roaming\npm;C:\Users\aDMINISTRATOR\AppData\Local\Programs\Microsoft VS Code\bin
USERNAME=Administrator
OS=Windows_NT
PROCESSOR_IDENTIFIER=Intel64 Family 6 Model 165 Stepping 5, GenuineIntel
TMP=C:\Users\ADMINI~1\AppData\Local\Temp
TEMP=C:\Users\ADMINI~1\AppData\Local\Temp



Periodic native trim disabled


---------------  S Y S T E M  ---------------

OS:
 Windows 10 , 64 bit Build 19041 (10.0.19041.3636)
OS uptime: 3 days 19:56 hours
Hyper-V virtualization detected

CPU: total 16 (initial active 16) (8 cores per cpu, 2 threads per core) family 6 model 165 stepping 5 microcode 0xffffffff, cx8, cmov, fxsr, ht, mmx, 3dnowpref, sse, sse2, sse3, ssse3, sse4.1, sse4.2, popcnt, lzcnt, tsc, avx, avx2, aes, erms, clmul, bmi1, bmi2, adx, fma, vzeroupper, clflush, clflushopt, hv
Processor Information for all 16 processors :
  Max Mhz: 2904, Current Mhz: 2904, Mhz Limit: 2904

Memory: 4k page, system-wide physical 15999M (3393M free)
TotalPageFile size 30136M (AvailPageFile size 1M)
current process WorkingSet (physical memory assigned to process): 14M, peak: 14M
current process commit charge ("private bytes"): 147M, peak: 147M

vm_info: OpenJDK 64-Bit Server VM (17.0.9+9) for windows-amd64 JRE (17.0.9+9), built on Oct 26 2023 14:01:42 by "admin" with MS VC++ 16.10 / 16.11 (VS2019)

END.
