#
# There is insufficient memory for the Java Runtime Environment to continue.
# Native memory allocation (malloc) failed to allocate 1210016 bytes for Chunk::new
# Possible reasons:
#   The system is out of physical RAM or swap space
#   The process is running with CompressedOops enabled, and the Java Heap may be blocking the growth of the native heap
# Possible solutions:
#   Reduce memory load on the system
#   Increase physical memory or swap space
#   Check if swap backing store is full
#   Decrease Java heap size (-Xmx/-Xms)
#   Decrease number of Java threads
#   Decrease Java thread stack sizes (-Xss)
#   Set larger code cache with -XX:ReservedCodeCacheSize=
#   JVM is running with Zero Based Compressed Oops mode in which the Java heap is
#     placed in the first 32GB address space. The Java Heap base address is the
#     maximum limit for the native heap growth. Please use -XX:HeapBaseMinAddress
#     to set the Java Heap base and to place the Java Heap above 32GB virtual address.
# This output file may be truncated or incomplete.
#
#  Out of Memory Error (arena.cpp:184), pid=492100, tid=531828
#
# JRE version: Java(TM) SE Runtime Environment (20.0+36) (build 20+36-2344)
# Java VM: Java HotSpot(TM) 64-Bit Server VM (20+36-2344, mixed mode, sharing, tiered, compressed oops, compressed class ptrs, g1 gc, windows-amd64)
# No core dump will be written. Minidumps are not enabled by default on client versions of Windows
#

---------------  S U M M A R Y ------------

Command Line: -XX:+ShowCodeDetailsInExceptionMessages com.api.nodemcu.NodemcuApplication

Host: Intel(R) Core(TM) i7-10700F CPU @ 2.90GHz, 16 cores, 15G,  Windows 10 , 64 bit Build 19041 (10.0.19041.3636)
Time: Fri Jan  5 15:27:25 2024 Hora oficial do Brasil elapsed time: 1.507380 seconds (0d 0h 0m 1s)

---------------  T H R E A D  ---------------

Current thread (0x00000270d19b17c0):  JavaThread "C2 CompilerThread0" daemon [_thread_in_native, id=531828, stack(0x000000bec8800000,0x000000bec8900000)]


Current CompileTask:
C2:   1507 2376   !   4       java.net.URL::<init> (543 bytes)

Stack: [0x000000bec8800000,0x000000bec8900000]
Native frames: (J=compiled Java code, j=interpreted, Vv=VM code, C=native code)
V  [jvm.dll+0x6bb95a]
V  [jvm.dll+0x8483aa]
V  [jvm.dll+0x849fa5]
V  [jvm.dll+0x84a6a3]
V  [jvm.dll+0x280b0f]
V  [jvm.dll+0xc2b11]
V  [jvm.dll+0xc2e35]
V  [jvm.dll+0x3bb17c]
V  [jvm.dll+0x3857f5]
V  [jvm.dll+0x384c6a]
V  [jvm.dll+0x24b259]
V  [jvm.dll+0x24a651]
V  [jvm.dll+0x1ce491]
V  [jvm.dll+0x259e1b]
V  [jvm.dll+0x2584f0]
V  [jvm.dll+0x3f2895]
V  [jvm.dll+0x7f4906]
V  [jvm.dll+0x6ba5cb]
C  [ucrtbase.dll+0x21bb2]
C  [KERNEL32.DLL+0x17344]
C  [ntdll.dll+0x526b1]


---------------  P R O C E S S  ---------------

Threads class SMR info:
_java_thread_list=0x00000270d6fdaaa0, length=18, elements={
0x00000270b1ac0ab0, 0x00000270d19a3610, 0x00000270d19a6320, 0x00000270d19aaa80,
0x00000270d19ac3d0, 0x00000270d19acd10, 0x00000270d19ad650, 0x00000270d19b17c0,
0x00000270d19b2140, 0x00000270d5cf4850, 0x00000270d5d06c40, 0x00000270d5d2fac0,
0x00000270d5d41060, 0x00000270d5f2d6b0, 0x00000270d5f2d080, 0x00000270d6470530,
0x00000270d6470a80, 0x00000270d70fb530
}

Java Threads: ( => current thread )
  0x00000270b1ac0ab0 JavaThread "main" [_thread_blocked, id=531432, stack(0x000000bec7b00000,0x000000bec7c00000)]
  0x00000270d19a3610 JavaThread "Reference Handler" daemon [_thread_blocked, id=531676, stack(0x000000bec8200000,0x000000bec8300000)]
  0x00000270d19a6320 JavaThread "Finalizer" daemon [_thread_blocked, id=531660, stack(0x000000bec8300000,0x000000bec8400000)]
  0x00000270d19aaa80 JavaThread "Signal Dispatcher" daemon [_thread_blocked, id=531708, stack(0x000000bec8400000,0x000000bec8500000)]
  0x00000270d19ac3d0 JavaThread "Attach Listener" daemon [_thread_blocked, id=531680, stack(0x000000bec8500000,0x000000bec8600000)]
  0x00000270d19acd10 JavaThread "Service Thread" daemon [_thread_blocked, id=531516, stack(0x000000bec8600000,0x000000bec8700000)]
  0x00000270d19ad650 JavaThread "Monitor Deflation Thread" daemon [_thread_blocked, id=531512, stack(0x000000bec8700000,0x000000bec8800000)]
=>0x00000270d19b17c0 JavaThread "C2 CompilerThread0" daemon [_thread_in_native, id=531828, stack(0x000000bec8800000,0x000000bec8900000)]
  0x00000270d19b2140 JavaThread "C1 CompilerThread0" daemon [_thread_blocked, id=531700, stack(0x000000bec8900000,0x000000bec8a00000)]
  0x00000270d5cf4850 JavaThread "C1 CompilerThread1" daemon [_thread_blocked, id=531572, stack(0x000000bec8a00000,0x000000bec8b00000)]
  0x00000270d5d06c40 JavaThread "C1 CompilerThread2" daemon [_thread_blocked, id=532016, stack(0x000000bec8b00000,0x000000bec8c00000)]
  0x00000270d5d2fac0 JavaThread "Notification Thread" daemon [_thread_blocked, id=532068, stack(0x000000bec8c00000,0x000000bec8d00000)]
  0x00000270d5d41060 JavaThread "Common-Cleaner" daemon [_thread_blocked, id=532072, stack(0x000000bec8e00000,0x000000bec8f00000)]
  0x00000270d5f2d6b0 JavaThread "C2 CompilerThread1" daemon [_thread_in_native, id=532176, stack(0x000000bec8f00000,0x000000bec9000000)]
  0x00000270d5f2d080 JavaThread "C2 CompilerThread2" daemon [_thread_in_native, id=532164, stack(0x000000bec9000000,0x000000bec9100000)]
  0x00000270d6470530 JavaThread "Thread-0" [_thread_blocked, id=532172, stack(0x000000bec9100000,0x000000bec9200000)]
  0x00000270d6470a80 JavaThread "restartedMain" [_thread_in_Java, id=532140, stack(0x000000bec9200000,0x000000bec9300000)]
  0x00000270d70fb530 JavaThread "C1 CompilerThread3" daemon [_thread_blocked, id=531444, stack(0x000000bec9900000,0x000000bec9a00000)]

Other Threads:
  0x00000270d19840b0 VMThread "VM Thread" [stack: 0x000000bec8100000,0x000000bec8200000] [id=528092]
  0x00000270d5d39440 WatcherThread "VM Periodic Task Thread" [stack: 0x000000bec8d00000,0x000000bec8e00000] [id=532156]
  0x00000270b1b37900 WorkerThread "GC Thread#0" [stack: 0x000000bec7c00000,0x000000bec7d00000] [id=529192]
  0x00000270d635cda0 WorkerThread "GC Thread#1" [stack: 0x000000bec9300000,0x000000bec9400000] [id=532180]
  0x00000270d635d070 WorkerThread "GC Thread#2" [stack: 0x000000bec9400000,0x000000bec9500000] [id=532096]
  0x00000270d635d340 WorkerThread "GC Thread#3" [stack: 0x000000bec9500000,0x000000bec9600000] [id=532092]
  0x00000270d635b720 WorkerThread "GC Thread#4" [stack: 0x000000bec9600000,0x000000bec9700000] [id=532100]
  0x00000270d635b9f0 WorkerThread "GC Thread#5" [stack: 0x000000bec9700000,0x000000bec9800000] [id=532036]
  0x00000270d635c800 WorkerThread "GC Thread#6" [stack: 0x000000bec9a00000,0x000000bec9b00000] [id=527016]
  0x00000270d635cad0 WorkerThread "GC Thread#7" [stack: 0x000000bec9b00000,0x000000bec9c00000] [id=532196]
  0x00000270d717e450 WorkerThread "GC Thread#8" [stack: 0x000000bec9c00000,0x000000bec9d00000] [id=527540]
  0x00000270d717f530 WorkerThread "GC Thread#9" [stack: 0x000000bec9d00000,0x000000bec9e00000] [id=529092]
  0x00000270b1b4a3d0 ConcurrentGCThread "G1 Main Marker" [stack: 0x000000bec7d00000,0x000000bec7e00000] [id=523432]
  0x00000270b1b4ae00 WorkerThread "G1 Conc#0" [stack: 0x000000bec7e00000,0x000000bec7f00000] [id=531552]
  0x00000270d1843df0 ConcurrentGCThread "G1 Refine#0" [stack: 0x000000bec7f00000,0x000000bec8000000] [id=531556]
  0x00000270d18446a0 ConcurrentGCThread "G1 Service" [stack: 0x000000bec8000000,0x000000bec8100000] [id=529536]

Threads with active compile tasks:
C2 CompilerThread0     1524 2376   !   4       java.net.URL::<init> (543 bytes)
C2 CompilerThread1     1524 2417       4       java.util.HashSet::add (20 bytes)
C2 CompilerThread2     1524 2431       4       java.lang.Class::getPackageName (81 bytes)

VM state: not at safepoint (normal execution)

VM Mutex/Monitor currently owned by a thread: None

Heap address: 0x0000000706000000, size: 4000 MB, Compressed Oops mode: Zero based, Oop shift amount: 3

CDS archive(s) mapped at: [0x0000000800000000-0x0000000800c60000-0x0000000800c60000), size 12976128, SharedBaseAddress: 0x0000000800000000, ArchiveRelocationMode: 0.
Compressed class space mapped at: 0x0000000801000000-0x0000000841000000, reserved size: 1073741824
Narrow klass base: 0x0000000800000000, Narrow klass shift: 0, Narrow klass range: 0x100000000

GC Precious Log:
 CardTable entry size: 512
 Card Set container configuration: InlinePtr #cards 4 size 8 Array Of Cards #cards 16 size 48 Howl #buckets 8 coarsen threshold 3686 Howl Bitmap #cards 512 size 80 coarsen threshold 460 Card regions per heap region 1 cards per card region 4096
 CPUs: 16 total, 16 available
 Memory: 15999M
 Large Page Support: Disabled
 NUMA Support: Disabled
 Compressed Oops: Enabled (Zero based)
 Heap Region Size: 2M
 Heap Min Capacity: 8M
 Heap Initial Capacity: 250M
 Heap Max Capacity: 4000M
 Pre-touch: Disabled
 Parallel Workers: 13
 Concurrent Workers: 3
 Concurrent Refinement Workers: 13
 Periodic GC: Disabled

Heap:
 garbage-first heap   total 256000K, used 31219K [0x0000000706000000, 0x0000000800000000)
  region size 2048K, 14 young (28672K), 2 survivors (4096K)
 Metaspace       used 16755K, committed 17024K, reserved 1114112K
  class space    used 1982K, committed 2112K, reserved 1048576K

Heap Regions: E=young(eden), S=young(survivor), O=old, HS=humongous(starts), HC=humongous(continues), CS=collection set, F=free, OA=open archive, CA=closed archive, TAMS=top-at-mark-start, PB=parsable bottom
|   0|0x0000000706000000, 0x0000000706200000, 0x0000000706200000|100%| O|  |TAMS 0x0000000706000000| PB 0x0000000706000000| Untracked 
|   1|0x0000000706200000, 0x0000000706400000, 0x0000000706400000|100%| O|  |TAMS 0x0000000706200000| PB 0x0000000706200000| Untracked 
|   2|0x0000000706400000, 0x0000000706600000, 0x0000000706600000|100%| O|  |TAMS 0x0000000706400000| PB 0x0000000706400000| Untracked 
|   3|0x0000000706600000, 0x0000000706600000, 0x0000000706800000|  0%| F|  |TAMS 0x0000000706600000| PB 0x0000000706600000| Untracked 
|   4|0x0000000706800000, 0x0000000706800000, 0x0000000706a00000|  0%| F|  |TAMS 0x0000000706800000| PB 0x0000000706800000| Untracked 
|   5|0x0000000706a00000, 0x0000000706a00000, 0x0000000706c00000|  0%| F|  |TAMS 0x0000000706a00000| PB 0x0000000706a00000| Untracked 
|   6|0x0000000706c00000, 0x0000000706c00000, 0x0000000706e00000|  0%| F|  |TAMS 0x0000000706c00000| PB 0x0000000706c00000| Untracked 
|   7|0x0000000706e00000, 0x0000000706e00000, 0x0000000707000000|  0%| F|  |TAMS 0x0000000706e00000| PB 0x0000000706e00000| Untracked 
|   8|0x0000000707000000, 0x0000000707000000, 0x0000000707200000|  0%| F|  |TAMS 0x0000000707000000| PB 0x0000000707000000| Untracked 
|   9|0x0000000707200000, 0x0000000707200000, 0x0000000707400000|  0%| F|  |TAMS 0x0000000707200000| PB 0x0000000707200000| Untracked 
|  10|0x0000000707400000, 0x0000000707400000, 0x0000000707600000|  0%| F|  |TAMS 0x0000000707400000| PB 0x0000000707400000| Untracked 
|  11|0x0000000707600000, 0x0000000707600000, 0x0000000707800000|  0%| F|  |TAMS 0x0000000707600000| PB 0x0000000707600000| Untracked 
|  12|0x0000000707800000, 0x0000000707800000, 0x0000000707a00000|  0%| F|  |TAMS 0x0000000707800000| PB 0x0000000707800000| Untracked 
|  13|0x0000000707a00000, 0x0000000707a00000, 0x0000000707c00000|  0%| F|  |TAMS 0x0000000707a00000| PB 0x0000000707a00000| Untracked 
|  14|0x0000000707c00000, 0x0000000707c00000, 0x0000000707e00000|  0%| F|  |TAMS 0x0000000707c00000| PB 0x0000000707c00000| Untracked 
|  15|0x0000000707e00000, 0x0000000707e00000, 0x0000000708000000|  0%| F|  |TAMS 0x0000000707e00000| PB 0x0000000707e00000| Untracked 
|  16|0x0000000708000000, 0x0000000708000000, 0x0000000708200000|  0%| F|  |TAMS 0x0000000708000000| PB 0x0000000708000000| Untracked 
|  17|0x0000000708200000, 0x0000000708200000, 0x0000000708400000|  0%| F|  |TAMS 0x0000000708200000| PB 0x0000000708200000| Untracked 
|  18|0x0000000708400000, 0x0000000708400000, 0x0000000708600000|  0%| F|  |TAMS 0x0000000708400000| PB 0x0000000708400000| Untracked 
|  19|0x0000000708600000, 0x0000000708600000, 0x0000000708800000|  0%| F|  |TAMS 0x0000000708600000| PB 0x0000000708600000| Untracked 
|  20|0x0000000708800000, 0x0000000708800000, 0x0000000708a00000|  0%| F|  |TAMS 0x0000000708800000| PB 0x0000000708800000| Untracked 
|  21|0x0000000708a00000, 0x0000000708a00000, 0x0000000708c00000|  0%| F|  |TAMS 0x0000000708a00000| PB 0x0000000708a00000| Untracked 
|  22|0x0000000708c00000, 0x0000000708c00000, 0x0000000708e00000|  0%| F|  |TAMS 0x0000000708c00000| PB 0x0000000708c00000| Untracked 
|  23|0x0000000708e00000, 0x0000000708e00000, 0x0000000709000000|  0%| F|  |TAMS 0x0000000708e00000| PB 0x0000000708e00000| Untracked 
|  24|0x0000000709000000, 0x0000000709000000, 0x0000000709200000|  0%| F|  |TAMS 0x0000000709000000| PB 0x0000000709000000| Untracked 
|  25|0x0000000709200000, 0x0000000709200000, 0x0000000709400000|  0%| F|  |TAMS 0x0000000709200000| PB 0x0000000709200000| Untracked 
|  26|0x0000000709400000, 0x0000000709400000, 0x0000000709600000|  0%| F|  |TAMS 0x0000000709400000| PB 0x0000000709400000| Untracked 
|  27|0x0000000709600000, 0x0000000709600000, 0x0000000709800000|  0%| F|  |TAMS 0x0000000709600000| PB 0x0000000709600000| Untracked 
|  28|0x0000000709800000, 0x0000000709800000, 0x0000000709a00000|  0%| F|  |TAMS 0x0000000709800000| PB 0x0000000709800000| Untracked 
|  29|0x0000000709a00000, 0x0000000709a00000, 0x0000000709c00000|  0%| F|  |TAMS 0x0000000709a00000| PB 0x0000000709a00000| Untracked 
|  30|0x0000000709c00000, 0x0000000709c00000, 0x0000000709e00000|  0%| F|  |TAMS 0x0000000709c00000| PB 0x0000000709c00000| Untracked 
|  31|0x0000000709e00000, 0x0000000709e00000, 0x000000070a000000|  0%| F|  |TAMS 0x0000000709e00000| PB 0x0000000709e00000| Untracked 
|  32|0x000000070a000000, 0x000000070a000000, 0x000000070a200000|  0%| F|  |TAMS 0x000000070a000000| PB 0x000000070a000000| Untracked 
|  33|0x000000070a200000, 0x000000070a200000, 0x000000070a400000|  0%| F|  |TAMS 0x000000070a200000| PB 0x000000070a200000| Untracked 
|  34|0x000000070a400000, 0x000000070a400000, 0x000000070a600000|  0%| F|  |TAMS 0x000000070a400000| PB 0x000000070a400000| Untracked 
|  35|0x000000070a600000, 0x000000070a600000, 0x000000070a800000|  0%| F|  |TAMS 0x000000070a600000| PB 0x000000070a600000| Untracked 
|  36|0x000000070a800000, 0x000000070a800000, 0x000000070aa00000|  0%| F|  |TAMS 0x000000070a800000| PB 0x000000070a800000| Untracked 
|  37|0x000000070aa00000, 0x000000070aa00000, 0x000000070ac00000|  0%| F|  |TAMS 0x000000070aa00000| PB 0x000000070aa00000| Untracked 
|  38|0x000000070ac00000, 0x000000070ac00000, 0x000000070ae00000|  0%| F|  |TAMS 0x000000070ac00000| PB 0x000000070ac00000| Untracked 
|  39|0x000000070ae00000, 0x000000070ae00000, 0x000000070b000000|  0%| F|  |TAMS 0x000000070ae00000| PB 0x000000070ae00000| Untracked 
|  40|0x000000070b000000, 0x000000070b000000, 0x000000070b200000|  0%| F|  |TAMS 0x000000070b000000| PB 0x000000070b000000| Untracked 
|  41|0x000000070b200000, 0x000000070b200000, 0x000000070b400000|  0%| F|  |TAMS 0x000000070b200000| PB 0x000000070b200000| Untracked 
|  42|0x000000070b400000, 0x000000070b400000, 0x000000070b600000|  0%| F|  |TAMS 0x000000070b400000| PB 0x000000070b400000| Untracked 
|  43|0x000000070b600000, 0x000000070b600000, 0x000000070b800000|  0%| F|  |TAMS 0x000000070b600000| PB 0x000000070b600000| Untracked 
|  44|0x000000070b800000, 0x000000070b800000, 0x000000070ba00000|  0%| F|  |TAMS 0x000000070b800000| PB 0x000000070b800000| Untracked 
|  45|0x000000070ba00000, 0x000000070ba00000, 0x000000070bc00000|  0%| F|  |TAMS 0x000000070ba00000| PB 0x000000070ba00000| Untracked 
|  46|0x000000070bc00000, 0x000000070bc00000, 0x000000070be00000|  0%| F|  |TAMS 0x000000070bc00000| PB 0x000000070bc00000| Untracked 
|  47|0x000000070be00000, 0x000000070be00000, 0x000000070c000000|  0%| F|  |TAMS 0x000000070be00000| PB 0x000000070be00000| Untracked 
|  48|0x000000070c000000, 0x000000070c000000, 0x000000070c200000|  0%| F|  |TAMS 0x000000070c000000| PB 0x000000070c000000| Untracked 
|  49|0x000000070c200000, 0x000000070c200000, 0x000000070c400000|  0%| F|  |TAMS 0x000000070c200000| PB 0x000000070c200000| Untracked 
|  50|0x000000070c400000, 0x000000070c400000, 0x000000070c600000|  0%| F|  |TAMS 0x000000070c400000| PB 0x000000070c400000| Untracked 
|  51|0x000000070c600000, 0x000000070c600000, 0x000000070c800000|  0%| F|  |TAMS 0x000000070c600000| PB 0x000000070c600000| Untracked 
|  52|0x000000070c800000, 0x000000070c800000, 0x000000070ca00000|  0%| F|  |TAMS 0x000000070c800000| PB 0x000000070c800000| Untracked 
|  53|0x000000070ca00000, 0x000000070ca00000, 0x000000070cc00000|  0%| F|  |TAMS 0x000000070ca00000| PB 0x000000070ca00000| Untracked 
|  54|0x000000070cc00000, 0x000000070cc00000, 0x000000070ce00000|  0%| F|  |TAMS 0x000000070cc00000| PB 0x000000070cc00000| Untracked 
|  55|0x000000070ce00000, 0x000000070ce00000, 0x000000070d000000|  0%| F|  |TAMS 0x000000070ce00000| PB 0x000000070ce00000| Untracked 
|  56|0x000000070d000000, 0x000000070d000000, 0x000000070d200000|  0%| F|  |TAMS 0x000000070d000000| PB 0x000000070d000000| Untracked 
|  57|0x000000070d200000, 0x000000070d200000, 0x000000070d400000|  0%| F|  |TAMS 0x000000070d200000| PB 0x000000070d200000| Untracked 
|  58|0x000000070d400000, 0x000000070d400000, 0x000000070d600000|  0%| F|  |TAMS 0x000000070d400000| PB 0x000000070d400000| Untracked 
|  59|0x000000070d600000, 0x000000070d600000, 0x000000070d800000|  0%| F|  |TAMS 0x000000070d600000| PB 0x000000070d600000| Untracked 
|  60|0x000000070d800000, 0x000000070d800000, 0x000000070da00000|  0%| F|  |TAMS 0x000000070d800000| PB 0x000000070d800000| Untracked 
|  61|0x000000070da00000, 0x000000070da00000, 0x000000070dc00000|  0%| F|  |TAMS 0x000000070da00000| PB 0x000000070da00000| Untracked 
|  62|0x000000070dc00000, 0x000000070dc00000, 0x000000070de00000|  0%| F|  |TAMS 0x000000070dc00000| PB 0x000000070dc00000| Untracked 
|  63|0x000000070de00000, 0x000000070de00000, 0x000000070e000000|  0%| F|  |TAMS 0x000000070de00000| PB 0x000000070de00000| Untracked 
|  64|0x000000070e000000, 0x000000070e000000, 0x000000070e200000|  0%| F|  |TAMS 0x000000070e000000| PB 0x000000070e000000| Untracked 
|  65|0x000000070e200000, 0x000000070e200000, 0x000000070e400000|  0%| F|  |TAMS 0x000000070e200000| PB 0x000000070e200000| Untracked 
|  66|0x000000070e400000, 0x000000070e400000, 0x000000070e600000|  0%| F|  |TAMS 0x000000070e400000| PB 0x000000070e400000| Untracked 
|  67|0x000000070e600000, 0x000000070e600000, 0x000000070e800000|  0%| F|  |TAMS 0x000000070e600000| PB 0x000000070e600000| Untracked 
|  68|0x000000070e800000, 0x000000070e800000, 0x000000070ea00000|  0%| F|  |TAMS 0x000000070e800000| PB 0x000000070e800000| Untracked 
|  69|0x000000070ea00000, 0x000000070ea00000, 0x000000070ec00000|  0%| F|  |TAMS 0x000000070ea00000| PB 0x000000070ea00000| Untracked 
|  70|0x000000070ec00000, 0x000000070ec00000, 0x000000070ee00000|  0%| F|  |TAMS 0x000000070ec00000| PB 0x000000070ec00000| Untracked 
|  71|0x000000070ee00000, 0x000000070ee00000, 0x000000070f000000|  0%| F|  |TAMS 0x000000070ee00000| PB 0x000000070ee00000| Untracked 
|  72|0x000000070f000000, 0x000000070f000000, 0x000000070f200000|  0%| F|  |TAMS 0x000000070f000000| PB 0x000000070f000000| Untracked 
|  73|0x000000070f200000, 0x000000070f200000, 0x000000070f400000|  0%| F|  |TAMS 0x000000070f200000| PB 0x000000070f200000| Untracked 
|  74|0x000000070f400000, 0x000000070f400000, 0x000000070f600000|  0%| F|  |TAMS 0x000000070f400000| PB 0x000000070f400000| Untracked 
|  75|0x000000070f600000, 0x000000070f600000, 0x000000070f800000|  0%| F|  |TAMS 0x000000070f600000| PB 0x000000070f600000| Untracked 
|  76|0x000000070f800000, 0x000000070f800000, 0x000000070fa00000|  0%| F|  |TAMS 0x000000070f800000| PB 0x000000070f800000| Untracked 
|  77|0x000000070fa00000, 0x000000070fa00000, 0x000000070fc00000|  0%| F|  |TAMS 0x000000070fa00000| PB 0x000000070fa00000| Untracked 
|  78|0x000000070fc00000, 0x000000070fc00000, 0x000000070fe00000|  0%| F|  |TAMS 0x000000070fc00000| PB 0x000000070fc00000| Untracked 
|  79|0x000000070fe00000, 0x000000070fe00000, 0x0000000710000000|  0%| F|  |TAMS 0x000000070fe00000| PB 0x000000070fe00000| Untracked 
|  80|0x0000000710000000, 0x0000000710000000, 0x0000000710200000|  0%| F|  |TAMS 0x0000000710000000| PB 0x0000000710000000| Untracked 
|  81|0x0000000710200000, 0x0000000710200000, 0x0000000710400000|  0%| F|  |TAMS 0x0000000710200000| PB 0x0000000710200000| Untracked 
|  82|0x0000000710400000, 0x0000000710400000, 0x0000000710600000|  0%| F|  |TAMS 0x0000000710400000| PB 0x0000000710400000| Untracked 
|  83|0x0000000710600000, 0x0000000710600000, 0x0000000710800000|  0%| F|  |TAMS 0x0000000710600000| PB 0x0000000710600000| Untracked 
|  84|0x0000000710800000, 0x0000000710800000, 0x0000000710a00000|  0%| F|  |TAMS 0x0000000710800000| PB 0x0000000710800000| Untracked 
|  85|0x0000000710a00000, 0x0000000710a00000, 0x0000000710c00000|  0%| F|  |TAMS 0x0000000710a00000| PB 0x0000000710a00000| Untracked 
|  86|0x0000000710c00000, 0x0000000710c00000, 0x0000000710e00000|  0%| F|  |TAMS 0x0000000710c00000| PB 0x0000000710c00000| Untracked 
|  87|0x0000000710e00000, 0x0000000710e00000, 0x0000000711000000|  0%| F|  |TAMS 0x0000000710e00000| PB 0x0000000710e00000| Untracked 
|  88|0x0000000711000000, 0x0000000711000000, 0x0000000711200000|  0%| F|  |TAMS 0x0000000711000000| PB 0x0000000711000000| Untracked 
|  89|0x0000000711200000, 0x0000000711200000, 0x0000000711400000|  0%| F|  |TAMS 0x0000000711200000| PB 0x0000000711200000| Untracked 
|  90|0x0000000711400000, 0x0000000711400000, 0x0000000711600000|  0%| F|  |TAMS 0x0000000711400000| PB 0x0000000711400000| Untracked 
|  91|0x0000000711600000, 0x0000000711600000, 0x0000000711800000|  0%| F|  |TAMS 0x0000000711600000| PB 0x0000000711600000| Untracked 
|  92|0x0000000711800000, 0x0000000711800000, 0x0000000711a00000|  0%| F|  |TAMS 0x0000000711800000| PB 0x0000000711800000| Untracked 
|  93|0x0000000711a00000, 0x0000000711a00000, 0x0000000711c00000|  0%| F|  |TAMS 0x0000000711a00000| PB 0x0000000711a00000| Untracked 
|  94|0x0000000711c00000, 0x0000000711c00000, 0x0000000711e00000|  0%| F|  |TAMS 0x0000000711c00000| PB 0x0000000711c00000| Untracked 
|  95|0x0000000711e00000, 0x0000000711e00000, 0x0000000712000000|  0%| F|  |TAMS 0x0000000711e00000| PB 0x0000000711e00000| Untracked 
|  96|0x0000000712000000, 0x0000000712000000, 0x0000000712200000|  0%| F|  |TAMS 0x0000000712000000| PB 0x0000000712000000| Untracked 
|  97|0x0000000712200000, 0x0000000712200000, 0x0000000712400000|  0%| F|  |TAMS 0x0000000712200000| PB 0x0000000712200000| Untracked 
|  98|0x0000000712400000, 0x0000000712400000, 0x0000000712600000|  0%| F|  |TAMS 0x0000000712400000| PB 0x0000000712400000| Untracked 
|  99|0x0000000712600000, 0x0000000712600000, 0x0000000712800000|  0%| F|  |TAMS 0x0000000712600000| PB 0x0000000712600000| Untracked 
| 100|0x0000000712800000, 0x0000000712800000, 0x0000000712a00000|  0%| F|  |TAMS 0x0000000712800000| PB 0x0000000712800000| Untracked 
| 101|0x0000000712a00000, 0x0000000712a00000, 0x0000000712c00000|  0%| F|  |TAMS 0x0000000712a00000| PB 0x0000000712a00000| Untracked 
| 102|0x0000000712c00000, 0x0000000712c00000, 0x0000000712e00000|  0%| F|  |TAMS 0x0000000712c00000| PB 0x0000000712c00000| Untracked 
| 103|0x0000000712e00000, 0x0000000712e00000, 0x0000000713000000|  0%| F|  |TAMS 0x0000000712e00000| PB 0x0000000712e00000| Untracked 
| 104|0x0000000713000000, 0x0000000713000000, 0x0000000713200000|  0%| F|  |TAMS 0x0000000713000000| PB 0x0000000713000000| Untracked 
| 105|0x0000000713200000, 0x0000000713200000, 0x0000000713400000|  0%| F|  |TAMS 0x0000000713200000| PB 0x0000000713200000| Untracked 
| 106|0x0000000713400000, 0x0000000713400000, 0x0000000713600000|  0%| F|  |TAMS 0x0000000713400000| PB 0x0000000713400000| Untracked 
| 107|0x0000000713600000, 0x0000000713600000, 0x0000000713800000|  0%| F|  |TAMS 0x0000000713600000| PB 0x0000000713600000| Untracked 
| 108|0x0000000713800000, 0x0000000713800000, 0x0000000713a00000|  0%| F|  |TAMS 0x0000000713800000| PB 0x0000000713800000| Untracked 
| 109|0x0000000713a00000, 0x0000000713a7cf50, 0x0000000713c00000| 24%| S|CS|TAMS 0x0000000713a00000| PB 0x0000000713a00000| Complete 
| 110|0x0000000713c00000, 0x0000000713e00000, 0x0000000713e00000|100%| S|CS|TAMS 0x0000000713c00000| PB 0x0000000713c00000| Complete 
| 111|0x0000000713e00000, 0x0000000713e00000, 0x0000000714000000|  0%| F|  |TAMS 0x0000000713e00000| PB 0x0000000713e00000| Untracked 
| 112|0x0000000714000000, 0x0000000714000000, 0x0000000714200000|  0%| F|  |TAMS 0x0000000714000000| PB 0x0000000714000000| Untracked 
| 113|0x0000000714200000, 0x0000000714327410, 0x0000000714400000| 57%| E|  |TAMS 0x0000000714200000| PB 0x0000000714200000| Complete 
| 114|0x0000000714400000, 0x0000000714600000, 0x0000000714600000|100%| E|CS|TAMS 0x0000000714400000| PB 0x0000000714400000| Complete 
| 115|0x0000000714600000, 0x0000000714800000, 0x0000000714800000|100%| E|CS|TAMS 0x0000000714600000| PB 0x0000000714600000| Complete 
| 116|0x0000000714800000, 0x0000000714a00000, 0x0000000714a00000|100%| E|CS|TAMS 0x0000000714800000| PB 0x0000000714800000| Complete 
| 117|0x0000000714a00000, 0x0000000714c00000, 0x0000000714c00000|100%| E|CS|TAMS 0x0000000714a00000| PB 0x0000000714a00000| Complete 
| 118|0x0000000714c00000, 0x0000000714e00000, 0x0000000714e00000|100%| E|CS|TAMS 0x0000000714c00000| PB 0x0000000714c00000| Complete 
| 119|0x0000000714e00000, 0x0000000715000000, 0x0000000715000000|100%| E|CS|TAMS 0x0000000714e00000| PB 0x0000000714e00000| Complete 
| 120|0x0000000715000000, 0x0000000715200000, 0x0000000715200000|100%| E|CS|TAMS 0x0000000715000000| PB 0x0000000715000000| Complete 
| 121|0x0000000715200000, 0x0000000715400000, 0x0000000715400000|100%| E|CS|TAMS 0x0000000715200000| PB 0x0000000715200000| Complete 
| 122|0x0000000715400000, 0x0000000715600000, 0x0000000715600000|100%| E|CS|TAMS 0x0000000715400000| PB 0x0000000715400000| Complete 
| 123|0x0000000715600000, 0x0000000715800000, 0x0000000715800000|100%| E|CS|TAMS 0x0000000715600000| PB 0x0000000715600000| Complete 
| 124|0x0000000715800000, 0x0000000715a00000, 0x0000000715a00000|100%| E|CS|TAMS 0x0000000715800000| PB 0x0000000715800000| Complete 

Card table byte_map: [0x00000270c9be0000,0x00000270ca3b0000] _byte_map_base: 0x00000270c63b0000

Marking Bits: (CMBitMap*) 0x00000270b1b38f40
 Bits: [0x00000270cab80000, 0x00000270cea00000)

Polling page: 0x00000270af740000

Metaspace:

Usage:
  Non-class:     14.46 MB used.
      Class:      1.94 MB used.
       Both:     16.40 MB used.

Virtual space:
  Non-class space:       64.00 MB reserved,      14.62 MB ( 23%) committed,  1 nodes.
      Class space:        1.00 GB reserved,       2.06 MB ( <1%) committed,  1 nodes.
             Both:        1.06 GB reserved,      16.69 MB (  2%) committed. 

Chunk freelists:
   Non-Class:  1.09 MB
       Class:  1.89 MB
        Both:  2.98 MB

MaxMetaspaceSize: unlimited
CompressedClassSpaceSize: 1.00 GB
Initial GC threshold: 21.00 MB
Current GC threshold: 21.00 MB
CDS: on
MetaspaceReclaimPolicy: balanced
 - commit_granule_bytes: 65536.
 - commit_granule_words: 8192.
 - virtual_space_node_default_size: 8388608.
 - enlarge_chunks_in_place: 1.
 - new_chunks_are_fully_committed: 0.
 - uncommit_free_chunks: 1.
 - use_allocation_guard: 0.


Internal statistics:

num_allocs_failed_limit: 0.
num_arena_births: 222.
num_arena_deaths: 0.
num_vsnodes_births: 2.
num_vsnodes_deaths: 0.
num_space_committed: 267.
num_space_uncommitted: 0.
num_chunks_returned_to_freelist: 0.
num_chunks_taken_from_freelist: 775.
num_chunk_merges: 0.
num_chunk_splits: 517.
num_chunks_enlarged: 410.
num_inconsistent_stats: 0.

CodeHeap 'non-profiled nmethods': size=119168Kb used=809Kb max_used=809Kb free=118358Kb
 bounds [0x00000270c1720000, 0x00000270c1990000, 0x00000270c8b80000]
CodeHeap 'profiled nmethods': size=119104Kb used=4801Kb max_used=4801Kb free=114302Kb
 bounds [0x00000270b9b80000, 0x00000270ba040000, 0x00000270c0fd0000]
CodeHeap 'non-nmethods': size=7488Kb used=3148Kb max_used=3178Kb free=4339Kb
 bounds [0x00000270c0fd0000, 0x00000270c12f0000, 0x00000270c1720000]
 total_blobs=2950 nmethods=2458 adapters=399
 compilation: enabled
              stopped_count=0, restarted_count=0
 full_count=0

Compilation events (20 events):
Event: 1.474 Thread 0x00000270d5f2d6b0 nmethod 2396 0x00000270c17e4510 code [0x00000270c17e4680, 0x00000270c17e4718]
Event: 1.474 Thread 0x00000270d5f2d080 nmethod 2397 0x00000270c17e4810 code [0x00000270c17e4980, 0x00000270c17e4a28]
Event: 1.486 Thread 0x00000270d5d06c40 2398       3       java.lang.ClassLoader::getParent (32 bytes)
Event: 1.486 Thread 0x00000270d5d06c40 nmethod 2398 0x00000270ba007c10 code [0x00000270ba007dc0, 0x00000270ba008028]
Event: 1.491 Thread 0x00000270d5d06c40 2399       3       org.springframework.util.StringUtils::collectionToDelimitedString (10 bytes)
Event: 1.492 Thread 0x00000270d5d06c40 nmethod 2399 0x00000270ba008110 code [0x00000270ba0082a0, 0x00000270ba0083c0]
Event: 1.492 Thread 0x00000270d5d06c40 2400       3       org.springframework.util.StringUtils::collectionToDelimitedString (161 bytes)
Event: 1.493 Thread 0x00000270d5d06c40 nmethod 2400 0x00000270ba008490 code [0x00000270ba008840, 0x00000270ba00a0f8]
Event: 1.496 Thread 0x00000270d70fb530 2401   !   3       org.springframework.boot.devtools.restart.classloader.RestartClassLoader::loadClass (119 bytes)
Event: 1.496 Thread 0x00000270d5cf4850 2402       3       org.springframework.boot.devtools.restart.classloader.RestartClassLoader::findClass (72 bytes)
Event: 1.496 Thread 0x00000270d19b2140 2403   !   3       java.net.URLClassLoader::findClass (47 bytes)
Event: 1.496 Thread 0x00000270d5d06c40 2404       3       java.net.URLClassLoader$1::<init> (15 bytes)
Event: 1.496 Thread 0x00000270d5d06c40 nmethod 2404 0x00000270ba00a990 code [0x00000270ba00ab20, 0x00000270ba00ad58]
Event: 1.496 Thread 0x00000270d19b2140 nmethod 2403 0x00000270ba00ae10 code [0x00000270ba00b000, 0x00000270ba00b650]
Event: 1.496 Thread 0x00000270d5d06c40 2405       3       java.net.URLClassLoader$1::run (5 bytes)
Event: 1.496 Thread 0x00000270d19b2140 2406   !   3       java.net.URLClassLoader$1::run (81 bytes)
Event: 1.496 Thread 0x00000270d5d06c40 nmethod 2405 0x00000270ba00b890 code [0x00000270ba00ba20, 0x00000270ba00bb70]
Event: 1.497 Thread 0x00000270d19b2140 nmethod 2406 0x00000270ba00bc10 code [0x00000270ba00bfa0, 0x00000270ba00d5d0]
Event: 1.497 Thread 0x00000270d70fb530 nmethod 2401 0x00000270ba00de10 code [0x00000270ba00e220, 0x00000270ba00fdb8]
Event: 1.497 Thread 0x00000270d5cf4850 nmethod 2402 0x00000270ba010910 code [0x00000270ba010ca0, 0x00000270ba0121e0]

GC Heap History (4 events):
Event: 0.739 GC heap before
{Heap before GC invocations=0 (full 0):
 garbage-first heap   total 256000K, used 22528K [0x0000000706000000, 0x0000000800000000)
  region size 2048K, 11 young (22528K), 0 survivors (0K)
 Metaspace       used 5537K, committed 5760K, reserved 1114112K
  class space    used 630K, committed 768K, reserved 1048576K
}
Event: 0.744 GC heap after
{Heap after GC invocations=1 (full 0):
 garbage-first heap   total 256000K, used 6213K [0x0000000706000000, 0x0000000800000000)
  region size 2048K, 2 young (4096K), 2 survivors (4096K)
 Metaspace       used 5537K, committed 5760K, reserved 1114112K
  class space    used 630K, committed 768K, reserved 1048576K
}
Event: 1.207 GC heap before
{Heap before GC invocations=1 (full 0):
 garbage-first heap   total 256000K, used 28741K [0x0000000706000000, 0x0000000800000000)
  region size 2048K, 14 young (28672K), 2 survivors (4096K)
 Metaspace       used 12089K, committed 12352K, reserved 1114112K
  class space    used 1397K, committed 1472K, reserved 1048576K
}
Event: 1.211 GC heap after
{Heap after GC invocations=2 (full 0):
 garbage-first heap   total 256000K, used 8691K [0x0000000706000000, 0x0000000800000000)
  region size 2048K, 2 young (4096K), 2 survivors (4096K)
 Metaspace       used 12089K, committed 12352K, reserved 1114112K
  class space    used 1397K, committed 1472K, reserved 1048576K
}

Dll operation events (9 events):
Event: 0.007 Loaded shared library C:\Program Files\Java\jdk-20\bin\java.dll
Event: 0.023 Loaded shared library C:\Program Files\Java\jdk-20\bin\jsvml.dll
Event: 0.268 Loaded shared library C:\Program Files\Java\jdk-20\bin\net.dll
Event: 0.272 Loaded shared library C:\Program Files\Java\jdk-20\bin\nio.dll
Event: 0.278 Loaded shared library C:\Program Files\Java\jdk-20\bin\zip.dll
Event: 0.354 Loaded shared library C:\Program Files\Java\jdk-20\bin\jimage.dll
Event: 0.597 Loaded shared library C:\Program Files\Java\jdk-20\bin\management.dll
Event: 0.601 Loaded shared library C:\Program Files\Java\jdk-20\bin\management_ext.dll
Event: 1.140 Loaded shared library C:\Program Files\Java\jdk-20\bin\verify.dll

Deoptimization events (20 events):
Event: 1.353 Thread 0x00000270d6470a80 Uncommon trap: trap_request=0xffffff45 fr.pc=0x00000270c17aada8 relative=0x0000000000000128
Event: 1.353 Thread 0x00000270d6470a80 Uncommon trap: reason=unstable_if action=reinterpret pc=0x00000270c17aada8 method=java.util.Arrays.equals([Ljava/lang/Object;[Ljava/lang/Object;)Z @ 44 c2
Event: 1.353 Thread 0x00000270d6470a80 DEOPT PACKING pc=0x00000270c17aada8 sp=0x000000bec92fd720
Event: 1.353 Thread 0x00000270d6470a80 DEOPT UNPACKING pc=0x00000270c1039d22 sp=0x000000bec92fd6c0 mode 2
Event: 1.394 Thread 0x00000270d6470a80 Uncommon trap: trap_request=0xffffff45 fr.pc=0x00000270c178147c relative=0x000000000000007c
Event: 1.394 Thread 0x00000270d6470a80 Uncommon trap: reason=unstable_if action=reinterpret pc=0x00000270c178147c method=java.lang.ref.ReferenceQueue.poll()Ljava/lang/ref/Reference; @ 4 c2
Event: 1.394 Thread 0x00000270d6470a80 DEOPT PACKING pc=0x00000270c178147c sp=0x000000bec92fe3a0
Event: 1.394 Thread 0x00000270d6470a80 DEOPT UNPACKING pc=0x00000270c1039d22 sp=0x000000bec92fe328 mode 2
Event: 1.398 Thread 0x00000270d6470a80 Uncommon trap: trap_request=0xffffffc6 fr.pc=0x00000270c179bfa8 relative=0x0000000000000928
Event: 1.398 Thread 0x00000270d6470a80 Uncommon trap: reason=bimorphic_or_optimized_type_check action=maybe_recompile pc=0x00000270c179bfa8 method=java.util.HashMap.putVal(ILjava/lang/Object;Ljava/lang/Object;ZZ)Ljava/lang/Object; @ 91 c2
Event: 1.398 Thread 0x00000270d6470a80 DEOPT PACKING pc=0x00000270c179bfa8 sp=0x000000bec92fe5c0
Event: 1.398 Thread 0x00000270d6470a80 DEOPT UNPACKING pc=0x00000270c1039d22 sp=0x000000bec92fe4d0 mode 2
Event: 1.414 Thread 0x00000270d6470a80 Uncommon trap: trap_request=0xffffffc6 fr.pc=0x00000270c179bfa8 relative=0x0000000000000928
Event: 1.414 Thread 0x00000270d6470a80 Uncommon trap: reason=bimorphic_or_optimized_type_check action=maybe_recompile pc=0x00000270c179bfa8 method=java.util.HashMap.putVal(ILjava/lang/Object;Ljava/lang/Object;ZZ)Ljava/lang/Object; @ 91 c2
Event: 1.414 Thread 0x00000270d6470a80 DEOPT PACKING pc=0x00000270c179bfa8 sp=0x000000bec92fe6e0
Event: 1.414 Thread 0x00000270d6470a80 DEOPT UNPACKING pc=0x00000270c1039d22 sp=0x000000bec92fe5f0 mode 2
Event: 1.414 Thread 0x00000270d6470a80 Uncommon trap: trap_request=0xffffffc6 fr.pc=0x00000270c179bfa8 relative=0x0000000000000928
Event: 1.414 Thread 0x00000270d6470a80 Uncommon trap: reason=bimorphic_or_optimized_type_check action=maybe_recompile pc=0x00000270c179bfa8 method=java.util.HashMap.putVal(ILjava/lang/Object;Ljava/lang/Object;ZZ)Ljava/lang/Object; @ 91 c2
Event: 1.414 Thread 0x00000270d6470a80 DEOPT PACKING pc=0x00000270c179bfa8 sp=0x000000bec92fe770
Event: 1.414 Thread 0x00000270d6470a80 DEOPT UNPACKING pc=0x00000270c1039d22 sp=0x000000bec92fe680 mode 2

Classes loaded (20 events):
Event: 1.315 Loading class sun/nio/fs/WindowsPath$WindowsPathWithAttributes
Event: 1.315 Loading class sun/nio/fs/BasicFileAttributesHolder
Event: 1.315 Loading class sun/nio/fs/BasicFileAttributesHolder done
Event: 1.315 Loading class sun/nio/fs/WindowsPath$WindowsPathWithAttributes done
Event: 1.316 Loading class java/util/StringTokenizer
Event: 1.316 Loading class java/util/StringTokenizer done
Event: 1.317 Loading class java/util/regex/Pattern$LazyLoop
Event: 1.317 Loading class java/util/regex/Pattern$Loop
Event: 1.317 Loading class java/util/regex/Pattern$Loop done
Event: 1.317 Loading class java/util/regex/Pattern$LazyLoop done
Event: 1.317 Loading class java/util/regex/Pattern$Prolog
Event: 1.318 Loading class java/util/regex/Pattern$Prolog done
Event: 1.329 Loading class java/lang/AssertionError
Event: 1.329 Loading class java/lang/AssertionError done
Event: 1.451 Loading class javax/naming/ldap/LdapContext
Event: 1.452 Loading class javax/naming/directory/DirContext
Event: 1.453 Loading class javax/naming/directory/DirContext done
Event: 1.453 Loading class javax/naming/ldap/LdapContext done
Event: 1.472 Loading class javax/naming/Referenceable
Event: 1.473 Loading class javax/naming/Referenceable done

Classes unloaded (0 events):
No events

Classes redefined (0 events):
No events

Internal exceptions (20 events):
Event: 0.987 Thread 0x00000270d6470a80 Exception <a 'java/lang/NoSuchMethodError'{0x0000000715121ae0}: 'java.lang.Object java.lang.invoke.DirectMethodHandle$Holder.invokeStatic(java.lang.Object, long, java.lang.Object)'> (0x0000000715121ae0) 
thrown [s\open\src\hotspot\share\interpreter\linkResolver.cpp, line 773]
Event: 0.988 Thread 0x00000270d6470a80 Exception <a 'java/lang/NoSuchMethodError'{0x0000000715125138}: 'java.lang.Object java.lang.invoke.DirectMethodHandle$Holder.invokeStaticInit(java.lang.Object, long, java.lang.Object)'> (0x0000000715125138) 
thrown [s\open\src\hotspot\share\interpreter\linkResolver.cpp, line 773]
Event: 0.988 Thread 0x00000270d6470a80 Exception <a 'java/lang/NoSuchMethodError'{0x000000071512aea0}: 'java.lang.Object java.lang.invoke.DirectMethodHandle$Holder.newInvokeSpecial(java.lang.Object, long)'> (0x000000071512aea0) 
thrown [s\open\src\hotspot\share\interpreter\linkResolver.cpp, line 773]
Event: 1.028 Thread 0x00000270d6470a80 Exception <a 'java/lang/NoSuchMethodError'{0x00000007151695c0}: 'void java.lang.invoke.DirectMethodHandle$Holder.invokeVirtual(java.lang.Object, java.lang.Object, java.lang.Object, java.lang.Object)'> (0x00000007151695c0) 
thrown [s\open\src\hotspot\share\interpreter\linkResolver.cpp, line 773]
Event: 1.070 Thread 0x00000270d6470a80 Exception <a 'java/lang/NoSuchMethodError'{0x0000000714e92690}: 'void java.lang.invoke.DirectMethodHandle$Holder.invokeSpecial(java.lang.Object, java.lang.Object, java.lang.Object, java.lang.Object, java.lang.Object)'> (0x0000000714e92690) 
thrown [s\open\src\hotspot\share\interpreter\linkResolver.cpp, line 773]
Event: 1.075 Thread 0x00000270d6e38d50 Exception <a 'java/lang/NoClassDefFoundError'{0x0000000714eec490}: jakarta/validation/Validation> (0x0000000714eec490) 
thrown [s\open\src\hotspot\share\classfile\systemDictionary.cpp, line 294]
Event: 1.075 Thread 0x00000270d6470a80 Exception <a 'java/lang/IncompatibleClassChangeError'{0x0000000714ec1cf8}: Found class java.lang.Object, but interface was expected> (0x0000000714ec1cf8) 
thrown [s\open\src\hotspot\share\interpreter\linkResolver.cpp, line 840]
Event: 1.082 Thread 0x00000270d6470a80 Exception <a 'java/lang/NoSuchMethodError'{0x0000000714ed49d8}: 'java.lang.Object java.lang.invoke.DirectMethodHandle$Holder.invokeStaticInit(java.lang.Object, int)'> (0x0000000714ed49d8) 
thrown [s\open\src\hotspot\share\interpreter\linkResolver.cpp, line 773]
Event: 1.084 Thread 0x00000270d6470a80 Exception <a 'java/lang/NoSuchMethodError'{0x0000000714f45130}: 'java.lang.Object java.lang.invoke.DirectMethodHandle$Holder.invokeStatic(java.lang.Object, int, java.lang.Object)'> (0x0000000714f45130) 
thrown [s\open\src\hotspot\share\interpreter\linkResolver.cpp, line 773]
Event: 1.084 Thread 0x00000270d6470a80 Exception <a 'java/lang/NoSuchMethodError'{0x0000000714f48780}: 'java.lang.Object java.lang.invoke.DirectMethodHandle$Holder.invokeStaticInit(java.lang.Object, int, java.lang.Object)'> (0x0000000714f48780) 
thrown [s\open\src\hotspot\share\interpreter\linkResolver.cpp, line 773]
Event: 1.170 Thread 0x00000270d6470a80 Exception <a 'java/lang/NoSuchMethodError'{0x000000071448ede8}: 'int java.lang.invoke.Invokers$Holder.invokeExact_MT(java.lang.Object, java.lang.Object)'> (0x000000071448ede8) 
thrown [s\open\src\hotspot\share\interpreter\linkResolver.cpp, line 773]
Event: 1.296 Thread 0x00000270d6e38d50 Exception <a 'java/lang/NoSuchMethodError'{0x0000000714e945d8}: 'long java.lang.invoke.DirectMethodHandle$Holder.invokeSpecial(java.lang.Object, java.lang.Object)'> (0x0000000714e945d8) 
thrown [s\open\src\hotspot\share\interpreter\linkResolver.cpp, line 773]
Event: 1.297 Thread 0x00000270d6e38d50 Exception <a 'java/lang/NoSuchMethodError'{0x0000000714e9f918}: 'long java.lang.invoke.DirectMethodHandle$Holder.invokeStatic(java.lang.Object, java.lang.Object)'> (0x0000000714e9f918) 
thrown [s\open\src\hotspot\share\interpreter\linkResolver.cpp, line 773]
Event: 1.297 Thread 0x00000270d6e38d50 Exception <a 'java/lang/NoSuchMethodError'{0x0000000714ea2c80}: 'long java.lang.invoke.DirectMethodHandle$Holder.invokeStaticInit(java.lang.Object, java.lang.Object)'> (0x0000000714ea2c80) 
thrown [s\open\src\hotspot\share\interpreter\linkResolver.cpp, line 773]
Event: 1.298 Thread 0x00000270d6e38d50 Exception <a 'java/lang/NoSuchMethodError'{0x0000000714eb08e0}: 'long java.lang.invoke.DirectMethodHandle$Holder.invokeInterface(java.lang.Object, java.lang.Object)'> (0x0000000714eb08e0) 
thrown [s\open\src\hotspot\share\interpreter\linkResolver.cpp, line 773]
Event: 1.298 Thread 0x00000270d6e38d50 Exception <a 'java/lang/IncompatibleClassChangeError'{0x0000000714eb3b90}: Found class java.lang.Object, but interface was expected> (0x0000000714eb3b90) 
thrown [s\open\src\hotspot\share\interpreter\linkResolver.cpp, line 840]
Event: 1.304 Thread 0x00000270d6e38d50 Exception <a 'java/lang/NoSuchMethodError'{0x0000000714fb6f78}: 'java.lang.Object java.lang.invoke.DirectMethodHandle$Holder.invokeVirtual(java.lang.Object, java.lang.Object, java.lang.Object, java.lang.Object)'> (0x0000000714fb6f78) 
thrown [s\open\src\hotspot\share\interpreter\linkResolver.cpp, line 773]
Event: 1.310 Thread 0x00000270d6470a80 Exception <a 'java/lang/NoSuchMethodError'{0x0000000714f939e8}: 'int java.lang.invoke.DirectMethodHandle$Holder.invokeSpecial(java.lang.Object, java.lang.Object, java.lang.Object, java.lang.Object, java.lang.Object)'> (0x0000000714f939e8) 
thrown [s\open\src\hotspot\share\interpreter\linkResolver.cpp, line 773]
Event: 1.312 Thread 0x00000270d6470a80 Exception <a 'java/lang/NoSuchMethodError'{0x0000000714f9c5d8}: 'void java.lang.invoke.DirectMethodHandle$Holder.invokeVirtual(java.lang.Object, java.lang.Object)'> (0x0000000714f9c5d8) 
thrown [s\open\src\hotspot\share\interpreter\linkResolver.cpp, line 773]
Event: 1.471 Thread 0x00000270d7287990 Exception <a 'java/lang/NoClassDefFoundError'{0x000000071472f978}: org/glassfish/jersey/server/monitoring/ApplicationEventListener> (0x000000071472f978) 
thrown [s\open\src\hotspot\share\classfile\systemDictionary.cpp, line 294]

VM Operations (20 events):
Event: 0.739 Executing VM operation: G1CollectForAllocation
Event: 0.744 Executing VM operation: G1CollectForAllocation done
Event: 0.910 Executing VM operation: HandshakeAllThreads
Event: 0.911 Executing VM operation: HandshakeAllThreads done
Event: 1.063 Executing VM operation: HandshakeAllThreads
Event: 1.063 Executing VM operation: HandshakeAllThreads done
Event: 1.067 Executing VM operation: HandshakeAllThreads
Event: 1.067 Executing VM operation: HandshakeAllThreads done
Event: 1.073 Executing VM operation: ICBufferFull
Event: 1.074 Executing VM operation: ICBufferFull done
Event: 1.187 Executing VM operation: HandshakeAllThreads
Event: 1.187 Executing VM operation: HandshakeAllThreads done
Event: 1.207 Executing VM operation: G1CollectForAllocation
Event: 1.211 Executing VM operation: G1CollectForAllocation done
Event: 1.254 Executing VM operation: HandshakeAllThreads
Event: 1.255 Executing VM operation: HandshakeAllThreads done
Event: 1.287 Executing VM operation: HandshakeAllThreads
Event: 1.287 Executing VM operation: HandshakeAllThreads done
Event: 1.299 Executing VM operation: HandshakeAllThreads
Event: 1.299 Executing VM operation: HandshakeAllThreads done

Events (20 events):
Event: 0.039 Thread 0x00000270d19a6320 Thread added: 0x00000270d19a6320
Event: 0.040 Thread 0x00000270d19aaa80 Thread added: 0x00000270d19aaa80
Event: 0.040 Thread 0x00000270d19ac3d0 Thread added: 0x00000270d19ac3d0
Event: 0.040 Thread 0x00000270d19acd10 Thread added: 0x00000270d19acd10
Event: 0.040 Thread 0x00000270d19ad650 Thread added: 0x00000270d19ad650
Event: 0.040 Thread 0x00000270d19b17c0 Thread added: 0x00000270d19b17c0
Event: 0.040 Thread 0x00000270d19b2140 Thread added: 0x00000270d19b2140
Event: 0.258 Thread 0x00000270d5cf4850 Thread added: 0x00000270d5cf4850
Event: 0.259 Thread 0x00000270d5d06c40 Thread added: 0x00000270d5d06c40
Event: 0.261 Thread 0x00000270d5d2fac0 Thread added: 0x00000270d5d2fac0
Event: 0.263 Thread 0x00000270d5d41060 Thread added: 0x00000270d5d41060
Event: 0.294 Thread 0x00000270d5f2d6b0 Thread added: 0x00000270d5f2d6b0
Event: 0.297 Thread 0x00000270d5f2d080 Thread added: 0x00000270d5f2d080
Event: 0.643 Thread 0x00000270d6470530 Thread added: 0x00000270d6470530
Event: 0.645 Thread 0x00000270d6470a80 Thread added: 0x00000270d6470a80
Event: 1.072 Thread 0x00000270d6e38d50 Thread added: 0x00000270d6e38d50
Event: 1.171 Thread 0x00000270d70fb530 Thread added: 0x00000270d70fb530
Event: 1.306 Thread 0x00000270d6e38d50 Thread exited: 0x00000270d6e38d50
Event: 1.440 Thread 0x00000270d7287990 Thread added: 0x00000270d7287990
Event: 1.499 Thread 0x00000270d7287990 Thread exited: 0x00000270d7287990


Dynamic libraries:
0x00007ff7f79d0000 - 0x00007ff7f79e0000 	C:\Program Files\Java\jdk-20\bin\java.exe
0x00007ffc77270000 - 0x00007ffc77468000 	C:\Windows\SYSTEM32\ntdll.dll
0x00007ffc757e0000 - 0x00007ffc7589d000 	C:\Windows\System32\KERNEL32.DLL
0x00007ffc749f0000 - 0x00007ffc74ce6000 	C:\Windows\System32\KERNELBASE.dll
0x00007ffc751d0000 - 0x00007ffc752d0000 	C:\Windows\System32\ucrtbase.dll
0x00007ffc3efa0000 - 0x00007ffc3efbb000 	C:\Program Files\Java\jdk-20\bin\VCRUNTIME140.dll
0x00007ffc3efc0000 - 0x00007ffc3efd9000 	C:\Program Files\Java\jdk-20\bin\jli.dll
0x00007ffc75950000 - 0x00007ffc759fe000 	C:\Windows\System32\ADVAPI32.dll
0x00007ffc75f60000 - 0x00007ffc75ffe000 	C:\Windows\System32\msvcrt.dll
0x00007ffc75480000 - 0x00007ffc7551c000 	C:\Windows\System32\sechost.dll
0x00007ffc75b60000 - 0x00007ffc75c86000 	C:\Windows\System32\RPCRT4.dll
0x00007ffc75640000 - 0x00007ffc757de000 	C:\Windows\System32\USER32.dll
0x00007ffc751a0000 - 0x00007ffc751c2000 	C:\Windows\System32\win32u.dll
0x00007ffc5d060000 - 0x00007ffc5d2fa000 	C:\Windows\WinSxS\amd64_microsoft.windows.common-controls_6595b64144ccf1df_6.0.19041.3636_none_60b6a03d71f818d5\COMCTL32.dll
0x00007ffc75a00000 - 0x00007ffc75a2c000 	C:\Windows\System32\GDI32.dll
0x00007ffc75080000 - 0x00007ffc7519a000 	C:\Windows\System32\gdi32full.dll
0x00007ffc74950000 - 0x00007ffc749ed000 	C:\Windows\System32\msvcp_win.dll
0x00007ffc6db60000 - 0x00007ffc6db6a000 	C:\Windows\SYSTEM32\VERSION.dll
0x00007ffc77200000 - 0x00007ffc77230000 	C:\Windows\System32\IMM32.DLL
0x00007ffc63a80000 - 0x00007ffc63a8c000 	C:\Program Files\Java\jdk-20\bin\vcruntime140_1.dll
0x00007ffc3d350000 - 0x00007ffc3d3de000 	C:\Program Files\Java\jdk-20\bin\msvcp140.dll
0x00007ffc30ba0000 - 0x00007ffc31837000 	C:\Program Files\Java\jdk-20\bin\server\jvm.dll
0x00007ffc6aea0000 - 0x00007ffc6aec7000 	C:\Windows\SYSTEM32\WINMM.dll
0x00007ffc65470000 - 0x00007ffc65479000 	C:\Windows\SYSTEM32\WSOCK32.dll
0x00007ffc755d0000 - 0x00007ffc7563b000 	C:\Windows\System32\WS2_32.dll
0x00007ffc72660000 - 0x00007ffc72672000 	C:\Windows\SYSTEM32\kernel.appcore.dll
0x00007ffc60b30000 - 0x00007ffc60b3a000 	C:\Program Files\Java\jdk-20\bin\jimage.dll
0x00007ffc6a1a0000 - 0x00007ffc6a384000 	C:\Windows\SYSTEM32\DBGHELP.DLL
0x00007ffc69c10000 - 0x00007ffc69c44000 	C:\Windows\SYSTEM32\dbgcore.DLL
0x00007ffc74f30000 - 0x00007ffc74fb2000 	C:\Windows\System32\bcryptPrimitives.dll
0x00007ffc3d1f0000 - 0x00007ffc3d216000 	C:\Program Files\Java\jdk-20\bin\java.dll
0x00007ffc3a830000 - 0x00007ffc3a907000 	C:\Program Files\Java\jdk-20\bin\jsvml.dll
0x00007ffc76990000 - 0x00007ffc770d4000 	C:\Windows\System32\SHELL32.dll
0x00007ffc72860000 - 0x00007ffc72ffb000 	C:\Windows\SYSTEM32\windows.storage.dll
0x00007ffc76160000 - 0x00007ffc764b4000 	C:\Windows\System32\combase.dll
0x00007ffc742c0000 - 0x00007ffc742ed000 	C:\Windows\SYSTEM32\Wldp.dll
0x00007ffc758a0000 - 0x00007ffc7594d000 	C:\Windows\System32\SHCORE.dll
0x00007ffc764c0000 - 0x00007ffc76515000 	C:\Windows\System32\shlwapi.dll
0x00007ffc74880000 - 0x00007ffc748a5000 	C:\Windows\SYSTEM32\profapi.dll
0x00007ffc3acb0000 - 0x00007ffc3acc3000 	C:\Program Files\Java\jdk-20\bin\net.dll
0x00007ffc6ec40000 - 0x00007ffc6ed4a000 	C:\Windows\SYSTEM32\WINHTTP.dll
0x00007ffc74020000 - 0x00007ffc7408a000 	C:\Windows\system32\mswsock.dll
0x00007ffc3ac90000 - 0x00007ffc3aca6000 	C:\Program Files\Java\jdk-20\bin\nio.dll
0x00007ffc3a810000 - 0x00007ffc3a828000 	C:\Program Files\Java\jdk-20\bin\zip.dll
0x00007ffc71ee0000 - 0x00007ffc71eea000 	C:\Program Files\Java\jdk-20\bin\management.dll
0x00007ffc71ed0000 - 0x00007ffc71edb000 	C:\Program Files\Java\jdk-20\bin\management_ext.dll
0x00007ffc76000000 - 0x00007ffc76008000 	C:\Windows\System32\PSAPI.DLL
0x00007ffc5e710000 - 0x00007ffc5e720000 	C:\Program Files\Java\jdk-20\bin\verify.dll

dbghelp: loaded successfully - version: 4.0.5 - missing functions: none
symbol engine: initialized successfully - sym options: 0x614 - pdb path: .;C:\Program Files\Java\jdk-20\bin;C:\Windows\SYSTEM32;C:\Windows\WinSxS\amd64_microsoft.windows.common-controls_6595b64144ccf1df_6.0.19041.3636_none_60b6a03d71f818d5;C:\Program Files\Java\jdk-20\bin\server

VM Arguments:
jvm_args: -XX:+ShowCodeDetailsInExceptionMessages 
java_command: com.api.nodemcu.NodemcuApplication
java_class_path (initial): C:\andon-especial\spring-boot-api-nodemcu-jwt-token\target\classes;C:\Users\aDMINISTRATOR\.m2\repository\org\projectlombok\lombok\1.18.24\lombok-1.18.24.jar;C:\Users\aDMINISTRATOR\.m2\repository\org\springframework\boot\spring-boot-starter\3.0.2\spring-boot-starter-3.0.2.jar;C:\Users\aDMINISTRATOR\.m2\repository\org\springframework\boot\spring-boot-starter-logging\3.0.2\spring-boot-starter-logging-3.0.2.jar;C:\Users\aDMINISTRATOR\.m2\repository\ch\qos\logback\logback-classic\1.4.5\logback-classic-1.4.5.jar;C:\Users\aDMINISTRATOR\.m2\repository\ch\qos\logback\logback-core\1.4.5\logback-core-1.4.5.jar;C:\Users\aDMINISTRATOR\.m2\repository\org\apache\logging\log4j\log4j-to-slf4j\2.19.0\log4j-to-slf4j-2.19.0.jar;C:\Users\aDMINISTRATOR\.m2\repository\org\apache\logging\log4j\log4j-api\2.19.0\log4j-api-2.19.0.jar;C:\Users\aDMINISTRATOR\.m2\repository\org\slf4j\jul-to-slf4j\2.0.6\jul-to-slf4j-2.0.6.jar;C:\Users\aDMINISTRATOR\.m2\repository\jakarta\annotation\jakarta.annotation-api\2.1.1\jakarta.annotation-api-2.1.1.jar;C:\Users\aDMINISTRATOR\.m2\repository\org\yaml\snakeyaml\1.33\snakeyaml-1.33.jar;C:\Users\aDMINISTRATOR\.m2\repository\org\slf4j\slf4j-api\2.0.6\slf4j-api-2.0.6.jar;C:\Users\aDMINISTRATOR\.m2\repository\jakarta\xml\bind\jakarta.xml.bind-api\4.0.0\jakarta.xml.bind-api-4.0.0.jar;C:\Users\aDMINISTRATOR\.m2\repository\jakarta\activation\jakarta.activation-api\2.1.1\jakarta.activation-api-2.1.1.jar;C:\Users\aDMINISTRATOR\.m2\repository\net\bytebuddy\byte-buddy\1.12.22\byte-buddy-1.12.22.jar;C:\Users\aDMINISTRATOR\.m2\repository\org\springframework\spring-core\6.0.4\spring-core-6.0.4.jar;C:\Users\aDMINISTRATOR\.m2\repository\org\springframework\spring-jcl\6.0.4\spring-jcl-6.0.4.jar;C:\Users\aDMINISTRATOR\.m2\repository\org\springframework\boot\spring-boot-starter-actuator\3.0.2\spring-boot-starter-actuator-3.0.2.jar;C:\Users\aDMINISTRATOR\.m2\repository\org\springframework\boot\spring-boot-actuator-autoconfigure\3.0.2\spring-boot-actuator-autoconfigure-3.0.2.jar;C:\Users\aDMINISTRATOR\.m2\repository\org\springframework\boot\spring-boot-actuator\3.0.2\spring-boot-actuator-3.0.2.jar;C:\Users\aDMINISTRATOR\.m2\repository\com\fasterxml\jackson\core\jackson-databind\2.14.1\jackson-databind-2.14.1.jar;C:\Users\aDMINISTRATOR\.m2\repository\com\fasterxml\jackson\core\jackson-annotations\2.14.1\jackson-annotations-2.14.1.jar;C:\Users\aDMINISTRATOR\.m2\repository\com\fasterxml\jackson\core\jackson-core\2.14.1\jackson-core-2.14.1.jar;C:\Users\aDMINISTRATOR\.m2\repository\com\fasterxml\jackson\datatype\jackson-datatype-jsr310\2.14.1\jackson-datatype-jsr310-2.14.1.jar;C:\Users\aDMINISTRATOR\.m2\repository\io\micrometer\micrometer-observation\1.10.3\micrometer-observation-1.10.3.jar;C:\Users\aDMINISTRATOR\.m2\repository\io\micrometer\micrometer-commons\1.10.3\micrometer-commons-1.10.3.jar;C:\Users\aDMINISTRATOR\.m2\repository\io\micrometer\micrometer-core\1.10.3\micrometer-core-1.10.3.jar;C:\Users\aDMINISTRATOR\.m2\repository\org\hdrhistogram\HdrHistogram\2.1.12\HdrHistogram-2.1.12.jar;C:\Users\aDMINISTRATOR\.m2\repository\org\latencyutils\LatencyUtils\2.0.3\LatencyUtils-2.0.3.jar;C:\Users\aDMINISTRATOR\.m2\repository\org\springframework\boot\spring-boot-starter-data-jpa\3.0.2\spring-boot-starter-data-jpa-3.0.2.jar;C:\Users\aDMINISTRATOR\.m2\repository\org\springframework\boot\spring-boot-starter-aop\3.0.2\spring-boot-starter-aop-3.0.2.jar;C:\Users\aDMINISTRATOR\.m2\repository\org\springframework\spring-aop\6.0.4\spring-aop-6.0.4.jar;C:\Users\aDMINISTRATOR\.m2\repository\org\aspectj\aspectjweaver\1.9.19\aspectjweaver-1.9.19.jar;C:\Users\aDMINISTRATOR\.m2\repository\org\springframework\boot\spring-boot-starter-jdbc\3.0.2\spring-boot-starter-jdbc-3.0.2.jar;C:\Users\aDMINISTRATOR\.m2\repository\com\zaxxer\HikariCP\5.0.1\HikariCP-5.0.1.jar;C:\Users\aDMINISTRATOR\.m2\repository\org\springframework\spring-jdbc\6.0.4\spring-jdbc-6.0.4.jar;C:\Users\aDMINISTRATOR\.m2\repository\org\hibernate\orm\hibernate-core\6.1.6.Final\hibernate-core-6.1.6.Final.jar;C:\Users\aDMINISTRATOR\.m2\repository\jakarta\persistence\jakarta.persistence-api\3.1.0\jakarta.persistence-api-3.1.0.jar;C:\Users\aDMINISTRATOR\.m2\repository\jakarta\transaction\jakarta.transaction-api\2.0.1\jakarta.transaction-api-2.0.1.jar;C:\Users\aDMINISTRATOR\.m2\repository\org\jboss\logging\jboss-logging\3.5.0.Final\jboss-logging-3.5.0.Final.jar;C:\Users\aDMINISTRATOR\.m2\repository\org\hibernate\common\hibernate-commons-annotations\6.0.2.Final\hibernate-commons-annotations-6.0.2.Final.jar;C:\Users\aDMINISTRATOR\.m2\repository\org\jboss\jandex\2.4.2.Final\jandex-2.4.2.Final.jar;C:\Users\aDMINISTRATOR\.m2\repository\com\fasterxml\classmate\1.5.1\classmate-1.5.1.jar;C:\Users\aDMINISTRATOR\.m2\repository\org\glassfish\jaxb\jaxb-runtime\4.0.1\jaxb-runtime-4.0.1.jar;C:\Users\aDMINISTRATOR\.m2\repository\org\glassfish\jaxb\jaxb-core\4.0.1\jaxb-core-4.0.1.jar;C:\Users\aDMINISTRATOR\.m2\repository\org\eclipse\angus\angus-activation\1.0.0\angus-activation-1.0.0.jar;C:\Users\aDMINISTRATOR\.m2\repository\org\glassfish\jaxb\txw2\4.0.1\txw2-4.0.1.jar;C:\Users\aDMINISTRATOR\.m2\repository\com\sun\istack\istack-commons-runtime\4.1.1\istack-commons-runtime-4.1.1.jar;C:\Users\aDMINISTRATOR\.m2\repository\jakarta\inject\jakarta.inject-api\2.0.0\jakarta.inject-api-2.0.0.jar;C:\Users\aDMINISTRATOR\.m2\repository\org\antlr\antlr4-runtime\4.10.1\antlr4-runtime-4.10.1.jar;C:\Users\aDMINISTRATOR\.m2\repository\org\springframework\data\spring-data-jpa\3.0.1\spring-data-jpa-3.0.1.jar;C:\Users\aDMINISTRATOR\.m2\repository\org\springframework\data\spring-data-commons\3.0.1\spring-data-commons-3.0.1.jar;C:\Users\aDMINISTRATOR\.m2\repository\org\springframework\spring-orm\6.0.4\spring-orm-6.0.4.jar;C:\Users\aDMINISTRATOR\.m2\repository\org\springframework\spring-context\6.0.4\spring-context-6.0.4.jar;C:\Users\aDMINISTRATOR\.m2\repository\org\springframework\spring-tx\6.0.4\spring-tx-6.0.4.jar;C:\Users\aDMINISTRATOR\.m2\repository\org\springframework\spring-beans\6.0.4\spring-beans-6.0.4.jar;C:\Users\aDMINISTRATOR\.m2\repository\org\springframework\spring-aspects\6.0.4\spring-aspects-6.0.4.jar;C:\Users\aDMINISTRATOR\.m2\repository\org\springframework\boot\spring-boot-starter-web\3.0.2\spring-boot-starter-web-3.0.2.jar;C:\Users\aDMINISTRATOR\.m2\repository\org\springframework\boot\spring-boot-starter-json\3.0.2\spring-boot-starter-json-3.0.2.jar;C:\Users\aDMINISTRATOR\.m2\repository\com\fasterxml\jackson\datatype\jackson-datatype-jdk8\2.14.1\jackson-datatype-jdk8-2.14.1.jar;C:\Users\aDMINISTRATOR\.m2\repository\com\fasterxml\jackson\module\jackson-module-parameter-names\2.14.1\jackson-module-parameter-names-2.14.1.jar;C:\Users\aDMINISTRATOR\.m2\repository\org\springframework\boot\spring-boot-starter-tomcat\3.0.2\spring-boot-starter-tomcat-3.0.2.jar;C:\Users\aDMINISTRATOR\.m2\repository\org\apache\tomcat\embed\tomcat-embed-core\10.1.5\tomcat-embed-core-10.1.5.jar;C:\Users\aDMINISTRATOR\.m2\repository\org\apache\tomcat\embed\tomcat-embed-el\10.1.5\tomcat-embed-el-10.1.5.jar;C:\Users\aDMINISTRATOR\.m2\repository\org\apache\tomcat\embed\tomcat-embed-websocket\10.1.5\tomcat-embed-websocket-10.1.5.jar;C:\Users\aDMINISTRATOR\.m2\repository\org\springframework\spring-web\6.0.4\spring-web-6.0.4.jar;C:\Users\aDMINISTRATOR\.m2\repository\org\springframework\spring-webmvc\6.0.4\spring-webmvc-6.0.4.jar;C:\Users\aDMINISTRATOR\.m2\repository\org\springframework\spring-expression\6.0.4\spring-expression-6.0.4.jar;C:\Users\aDMINISTRATOR\.m2\repository\org\springframework\boot\spring-boot-devtools\3.0.2\spring-boot-devtools-3.0.2.jar;C:\Users\aDMINISTRATOR\.m2\repository\org\springframework\boot\spring-boot\3.0.2\spring-boot-3.0.2.jar;C:\Users\aDMINISTRATOR\.m2\repository\org\springframework\boot\spring-boot-autoconfigure\3.0.2\spring-boot-autoconfigure-3.0.2.jar;C:\Users\aDMINISTRATOR\.m2\repository\com\mysql\mysql-connector-j\8.0.32\mysql-connector-j-8.0.32.jar;C:\Users\aDMINISTRATOR\.m2\repository\org\springframework\boot\spring-boot-starter-websocket\3.0.2\spring-boot-starter-websocket-3.0.2.jar;C:\Users\aDMINISTRATOR\.m2\repository\org\springframework\spring-messaging\6.0.4\spring-messaging-6.0.4.jar;C:\Users\aDMINISTRATOR\.m2\repository\org\springframework\spring-websocket\6.0.4\spring-websocket-6.0.4.jar
Launcher Type: SUN_STANDARD

[Global flags]
     intx CICompilerCount                          = 12                                        {product} {ergonomic}
     uint ConcGCThreads                            = 3                                         {product} {ergonomic}
     uint G1ConcRefinementThreads                  = 13                                        {product} {ergonomic}
   size_t G1HeapRegionSize                         = 2097152                                   {product} {ergonomic}
    uintx GCDrainStackTargetSize                   = 64                                        {product} {ergonomic}
   size_t InitialHeapSize                          = 262144000                                 {product} {ergonomic}
   size_t MarkStackSize                            = 4194304                                   {product} {ergonomic}
   size_t MaxHeapSize                              = 4194304000                                {product} {ergonomic}
   size_t MaxNewSize                               = 2516582400                                {product} {ergonomic}
   size_t MinHeapDeltaBytes                        = 2097152                                   {product} {ergonomic}
   size_t MinHeapSize                              = 8388608                                   {product} {ergonomic}
    uintx NonNMethodCodeHeapSize                   = 7602480                                {pd product} {ergonomic}
    uintx NonProfiledCodeHeapSize                  = 122027880                              {pd product} {ergonomic}
    uintx ProfiledCodeHeapSize                     = 122027880                              {pd product} {ergonomic}
    uintx ReservedCodeCacheSize                    = 251658240                              {pd product} {ergonomic}
     bool SegmentedCodeCache                       = true                                      {product} {ergonomic}
     bool ShowCodeDetailsInExceptionMessages       = true                                   {manageable} {command line}
   size_t SoftMaxHeapSize                          = 4194304000                             {manageable} {ergonomic}
     bool UseCompressedClassPointers               = true                           {product lp64_product} {ergonomic}
     bool UseCompressedOops                        = true                           {product lp64_product} {ergonomic}
     bool UseG1GC                                  = true                                      {product} {ergonomic}
     bool UseLargePagesIndividualAllocation        = false                                  {pd product} {ergonomic}

Logging:
Log output configuration:
 #0: stdout all=warning uptime,level,tags foldmultilines=false
 #1: stderr all=off uptime,level,tags foldmultilines=false

Environment Variables:
PATH=C:\Program Files\Common Files\Oracle\Java\javapath;C:\Windows\system32;C:\Windows;C:\Windows\System32\Wbem;C:\Windows\System32\WindowsPowerShell\v1.0\;C:\Windows\System32\OpenSSH\;C:\Program Files\Git\cmd;C:\maven\apache-maven-3.8.8\bin;C:\Program Files\Java\jdk-20;C:\Program Files\nodejs\;C:\ProgramData\chocolatey\bin;C:\Program Files\MySQL\MySQL Shell 8.0\bin\;C:\Users\aDMINISTRATOR\AppData\Local\Microsoft\WindowsApps;C:\Users\aDMINISTRATOR\AppData\Roaming\npm;C:\Users\aDMINISTRATOR\AppData\Local\Programs\Microsoft VS Code\bin
USERNAME=Administrator
LANG=en_US.UTF-8
OS=Windows_NT
PROCESSOR_IDENTIFIER=Intel64 Family 6 Model 165 Stepping 5, GenuineIntel
TMP=C:\Users\ADMINI~1\AppData\Local\Temp
TEMP=C:\Users\ADMINI~1\AppData\Local\Temp




---------------  S Y S T E M  ---------------

OS:
 Windows 10 , 64 bit Build 19041 (10.0.19041.3636)
OS uptime: 1 days 1:23 hours
Hyper-V virtualization detected

CPU: total 16 (initial active 16) (8 cores per cpu, 2 threads per core) family 6 model 165 stepping 5 microcode 0xffffffff, cx8, cmov, fxsr, ht, mmx, 3dnowpref, sse, sse2, sse3, ssse3, sse4.1, sse4.2, popcnt, lzcnt, tsc, avx, avx2, aes, erms, clmul, bmi1, bmi2, adx, fma, vzeroupper, clflush, clflushopt, hv, rdtscp, f16c

Memory: 4k page, system-wide physical 15999M (2659M free)
TotalPageFile size 30136M (AvailPageFile size 5M)
current process WorkingSet (physical memory assigned to process): 118M, peak: 118M
current process commit charge ("private bytes"): 389M, peak: 389M

vm_info: Java HotSpot(TM) 64-Bit Server VM (20+36-2344) for windows-amd64 JRE (20+36-2344), built on 2023-02-10T19:30:15Z by "mach5one" with MS VC++ 17.1 (VS2022)

END.
